running egg_info
writing ../../build/urdf_tutorial2/urdf_tutorial2.egg-info/PKG-INFO
writing dependency_links to ../../build/urdf_tutorial2/urdf_tutorial2.egg-info/dependency_links.txt
writing entry points to ../../build/urdf_tutorial2/urdf_tutorial2.egg-info/entry_points.txt
writing requirements to ../../build/urdf_tutorial2/urdf_tutorial2.egg-info/requires.txt
writing top-level names to ../../build/urdf_tutorial2/urdf_tutorial2.egg-info/top_level.txt
reading manifest file '../../build/urdf_tutorial2/urdf_tutorial2.egg-info/SOURCES.txt'
writing manifest file '../../build/urdf_tutorial2/urdf_tutorial2.egg-info/SOURCES.txt'
running build
running build_py
running install
running install_lib
running install_data
running install_egg_info
removing '/home/rokey/b4_multi_robot_ws/install/urdf_tutorial2/lib/python3.10/site-packages/urdf_tutorial2-0.0.0-py3.10.egg-info' (and everything under it)
Copying ../../build/urdf_tutorial2/urdf_tutorial2.egg-info to /home/rokey/b4_multi_robot_ws/install/urdf_tutorial2/lib/python3.10/site-packages/urdf_tutorial2-0.0.0-py3.10.egg-info
running install_scripts
Installing projectile_spawner script to /home/rokey/b4_multi_robot_ws/install/urdf_tutorial2/lib/urdf_tutorial2
Installing projectile_spawner2 script to /home/rokey/b4_multi_robot_ws/install/urdf_tutorial2/lib/urdf_tutorial2
writing list of installed files to '/home/rokey/b4_multi_robot_ws/build/urdf_tutorial2/install.log'
