[0.194s] DEBUG:colcon:Command line arguments: ['/usr/bin/colcon', 'build']
[0.194s] DEBUG:colcon:Parsed command line arguments: Namespace(log_base=None, log_level=None, verb_name='build', build_base='build', install_base='install', merge_install=False, symlink_install=False, test_result_base=None, continue_on_error=False, executor='parallel', parallel_workers=8, event_handlers=None, ignore_user_meta=False, metas=['./colcon.meta'], base_paths=['.'], packages_ignore=None, packages_ignore_regex=None, paths=None, packages_up_to=None, packages_up_to_regex=None, packages_above=None, packages_above_and_dependencies=None, packages_above_depth=None, packages_select_by_dep=None, packages_skip_by_dep=None, packages_skip_up_to=None, packages_select_build_failed=False, packages_skip_build_finished=False, packages_select_test_failures=False, packages_skip_test_passed=False, packages_select=None, packages_skip=None, packages_select_regex=None, packages_skip_regex=None, packages_start=None, packages_end=None, allow_overriding=[], cmake_args=None, cmake_target=None, cmake_target_skip_unavailable=False, cmake_clean_cache=False, cmake_clean_first=False, cmake_force_configure=False, ament_cmake_args=None, catkin_cmake_args=None, catkin_skip_building_tests=False, mixin_files=None, mixin=None, verb_parser=<colcon_mixin.mixin.mixin_argument.MixinArgumentDecorator object at 0x72509dcb9420>, verb_extension=<colcon_core.verb.build.BuildVerb object at 0x72509dc3efe0>, main=<bound method BuildVerb.main of <colcon_core.verb.build.BuildVerb object at 0x72509dc3efe0>>, mixin_verb=('build',))
[0.427s] Level 1:colcon.colcon_core.package_discovery:discover_packages(colcon_meta) check parameters
[0.427s] Level 1:colcon.colcon_core.package_discovery:discover_packages(recursive) check parameters
[0.427s] Level 1:colcon.colcon_core.package_discovery:discover_packages(ignore) check parameters
[0.427s] Level 1:colcon.colcon_core.package_discovery:discover_packages(path) check parameters
[0.427s] Level 1:colcon.colcon_core.package_discovery:discover_packages(colcon_meta) discover
[0.427s] Level 1:colcon.colcon_core.package_discovery:discover_packages(recursive) discover
[0.427s] INFO:colcon.colcon_core.package_discovery:Crawling recursively for packages in '/home/rokey/b4_multi_robot_ws'
[0.427s] Level 1:colcon.colcon_core.package_identification:_identify(.) by extensions ['ignore', 'ignore_ament_install']
[0.428s] Level 1:colcon.colcon_core.package_identification:_identify(.) by extension 'ignore'
[0.428s] Level 1:colcon.colcon_core.package_identification:_identify(.) by extension 'ignore_ament_install'
[0.428s] Level 1:colcon.colcon_core.package_identification:_identify(.) by extensions ['colcon_pkg']
[0.428s] Level 1:colcon.colcon_core.package_identification:_identify(.) by extension 'colcon_pkg'
[0.428s] Level 1:colcon.colcon_core.package_identification:_identify(.) by extensions ['colcon_meta']
[0.428s] Level 1:colcon.colcon_core.package_identification:_identify(.) by extension 'colcon_meta'
[0.428s] Level 1:colcon.colcon_core.package_identification:_identify(.) by extensions ['ros']
[0.428s] Level 1:colcon.colcon_core.package_identification:_identify(.) by extension 'ros'
[0.442s] Level 1:colcon.colcon_core.package_identification:_identify(.) by extensions ['cmake', 'python']
[0.442s] Level 1:colcon.colcon_core.package_identification:_identify(.) by extension 'cmake'
[0.442s] Level 1:colcon.colcon_core.package_identification:_identify(.) by extension 'python'
[0.442s] Level 1:colcon.colcon_core.package_identification:_identify(.) by extensions ['python_setup_py']
[0.442s] Level 1:colcon.colcon_core.package_identification:_identify(.) by extension 'python_setup_py'
[0.442s] Level 1:colcon.colcon_core.package_identification:_identify(build) by extensions ['ignore', 'ignore_ament_install']
[0.442s] Level 1:colcon.colcon_core.package_identification:_identify(build) by extension 'ignore'
[0.442s] Level 1:colcon.colcon_core.package_identification:_identify(build) ignored
[0.442s] Level 1:colcon.colcon_core.package_identification:_identify(install) by extensions ['ignore', 'ignore_ament_install']
[0.443s] Level 1:colcon.colcon_core.package_identification:_identify(install) by extension 'ignore'
[0.443s] Level 1:colcon.colcon_core.package_identification:_identify(install) ignored
[0.443s] Level 1:colcon.colcon_core.package_identification:_identify(log) by extensions ['ignore', 'ignore_ament_install']
[0.443s] Level 1:colcon.colcon_core.package_identification:_identify(log) by extension 'ignore'
[0.443s] Level 1:colcon.colcon_core.package_identification:_identify(log) ignored
[0.443s] Level 1:colcon.colcon_core.package_identification:_identify(src) by extensions ['ignore', 'ignore_ament_install']
[0.443s] Level 1:colcon.colcon_core.package_identification:_identify(src) by extension 'ignore'
[0.443s] Level 1:colcon.colcon_core.package_identification:_identify(src) by extension 'ignore_ament_install'
[0.443s] Level 1:colcon.colcon_core.package_identification:_identify(src) by extensions ['colcon_pkg']
[0.443s] Level 1:colcon.colcon_core.package_identification:_identify(src) by extension 'colcon_pkg'
[0.443s] Level 1:colcon.colcon_core.package_identification:_identify(src) by extensions ['colcon_meta']
[0.443s] Level 1:colcon.colcon_core.package_identification:_identify(src) by extension 'colcon_meta'
[0.443s] Level 1:colcon.colcon_core.package_identification:_identify(src) by extensions ['ros']
[0.443s] Level 1:colcon.colcon_core.package_identification:_identify(src) by extension 'ros'
[0.444s] Level 1:colcon.colcon_core.package_identification:_identify(src) by extensions ['cmake', 'python']
[0.444s] Level 1:colcon.colcon_core.package_identification:_identify(src) by extension 'cmake'
[0.444s] Level 1:colcon.colcon_core.package_identification:_identify(src) by extension 'python'
[0.444s] Level 1:colcon.colcon_core.package_identification:_identify(src) by extensions ['python_setup_py']
[0.444s] Level 1:colcon.colcon_core.package_identification:_identify(src) by extension 'python_setup_py'
[0.444s] Level 1:colcon.colcon_core.package_identification:_identify(src/multi_gun_robot_pkg) by extensions ['ignore', 'ignore_ament_install']
[0.444s] Level 1:colcon.colcon_core.package_identification:_identify(src/multi_gun_robot_pkg) by extension 'ignore'
[0.444s] Level 1:colcon.colcon_core.package_identification:_identify(src/multi_gun_robot_pkg) by extension 'ignore_ament_install'
[0.444s] Level 1:colcon.colcon_core.package_identification:_identify(src/multi_gun_robot_pkg) by extensions ['colcon_pkg']
[0.444s] Level 1:colcon.colcon_core.package_identification:_identify(src/multi_gun_robot_pkg) by extension 'colcon_pkg'
[0.444s] Level 1:colcon.colcon_core.package_identification:_identify(src/multi_gun_robot_pkg) by extensions ['colcon_meta']
[0.444s] Level 1:colcon.colcon_core.package_identification:_identify(src/multi_gun_robot_pkg) by extension 'colcon_meta'
[0.444s] Level 1:colcon.colcon_core.package_identification:_identify(src/multi_gun_robot_pkg) by extensions ['ros']
[0.444s] Level 1:colcon.colcon_core.package_identification:_identify(src/multi_gun_robot_pkg) by extension 'ros'
[0.447s] DEBUG:colcon.colcon_core.package_identification:Package 'src/multi_gun_robot_pkg' with type 'ros.ament_python' and name 'multi_gun_robot_pkg'
[0.447s] Level 1:colcon.colcon_core.package_identification:_identify(src/turtlebot3_multi_robot) by extensions ['ignore', 'ignore_ament_install']
[0.447s] Level 1:colcon.colcon_core.package_identification:_identify(src/turtlebot3_multi_robot) by extension 'ignore'
[0.447s] Level 1:colcon.colcon_core.package_identification:_identify(src/turtlebot3_multi_robot) by extension 'ignore_ament_install'
[0.447s] Level 1:colcon.colcon_core.package_identification:_identify(src/turtlebot3_multi_robot) by extensions ['colcon_pkg']
[0.447s] Level 1:colcon.colcon_core.package_identification:_identify(src/turtlebot3_multi_robot) by extension 'colcon_pkg'
[0.447s] Level 1:colcon.colcon_core.package_identification:_identify(src/turtlebot3_multi_robot) by extensions ['colcon_meta']
[0.447s] Level 1:colcon.colcon_core.package_identification:_identify(src/turtlebot3_multi_robot) by extension 'colcon_meta'
[0.447s] Level 1:colcon.colcon_core.package_identification:_identify(src/turtlebot3_multi_robot) by extensions ['ros']
[0.447s] Level 1:colcon.colcon_core.package_identification:_identify(src/turtlebot3_multi_robot) by extension 'ros'
[0.448s] DEBUG:colcon.colcon_core.package_identification:Package 'src/turtlebot3_multi_robot' with type 'ros.ament_cmake' and name 'turtlebot3_multi_robot'
[0.449s] Level 1:colcon.colcon_core.package_identification:_identify(src/urdf_tutorial) by extensions ['ignore', 'ignore_ament_install']
[0.449s] Level 1:colcon.colcon_core.package_identification:_identify(src/urdf_tutorial) by extension 'ignore'
[0.449s] Level 1:colcon.colcon_core.package_identification:_identify(src/urdf_tutorial) by extension 'ignore_ament_install'
[0.449s] Level 1:colcon.colcon_core.package_identification:_identify(src/urdf_tutorial) by extensions ['colcon_pkg']
[0.449s] Level 1:colcon.colcon_core.package_identification:_identify(src/urdf_tutorial) by extension 'colcon_pkg'
[0.449s] Level 1:colcon.colcon_core.package_identification:_identify(src/urdf_tutorial) by extensions ['colcon_meta']
[0.449s] Level 1:colcon.colcon_core.package_identification:_identify(src/urdf_tutorial) by extension 'colcon_meta'
[0.449s] Level 1:colcon.colcon_core.package_identification:_identify(src/urdf_tutorial) by extensions ['ros']
[0.449s] Level 1:colcon.colcon_core.package_identification:_identify(src/urdf_tutorial) by extension 'ros'
[0.450s] DEBUG:colcon.colcon_core.package_identification:Package 'src/urdf_tutorial' with type 'ros.ament_python' and name 'urdf_tutorial'
[0.450s] Level 1:colcon.colcon_core.package_identification:_identify(src/urdf_tutorial2) by extensions ['ignore', 'ignore_ament_install']
[0.450s] Level 1:colcon.colcon_core.package_identification:_identify(src/urdf_tutorial2) by extension 'ignore'
[0.450s] Level 1:colcon.colcon_core.package_identification:_identify(src/urdf_tutorial2) by extension 'ignore_ament_install'
[0.450s] Level 1:colcon.colcon_core.package_identification:_identify(src/urdf_tutorial2) by extensions ['colcon_pkg']
[0.450s] Level 1:colcon.colcon_core.package_identification:_identify(src/urdf_tutorial2) by extension 'colcon_pkg'
[0.450s] Level 1:colcon.colcon_core.package_identification:_identify(src/urdf_tutorial2) by extensions ['colcon_meta']
[0.450s] Level 1:colcon.colcon_core.package_identification:_identify(src/urdf_tutorial2) by extension 'colcon_meta'
[0.450s] Level 1:colcon.colcon_core.package_identification:_identify(src/urdf_tutorial2) by extensions ['ros']
[0.450s] Level 1:colcon.colcon_core.package_identification:_identify(src/urdf_tutorial2) by extension 'ros'
[0.451s] DEBUG:colcon.colcon_core.package_identification:Package 'src/urdf_tutorial2' with type 'ros.ament_python' and name 'urdf_tutorial2'
[0.451s] Level 1:colcon.colcon_core.package_discovery:discover_packages(recursive) using defaults
[0.451s] Level 1:colcon.colcon_core.package_discovery:discover_packages(ignore) discover
[0.451s] Level 1:colcon.colcon_core.package_discovery:discover_packages(ignore) using defaults
[0.451s] Level 1:colcon.colcon_core.package_discovery:discover_packages(path) discover
[0.451s] Level 1:colcon.colcon_core.package_discovery:discover_packages(path) using defaults
[0.471s] Level 1:colcon.colcon_core.package_discovery:discover_packages(prefix_path) check parameters
[0.471s] Level 1:colcon.colcon_core.package_discovery:discover_packages(prefix_path) discover
[0.479s] DEBUG:colcon.colcon_installed_package_information.package_discovery:Found 21 installed packages in /home/rokey/turtlebot3_ws/install
[0.481s] DEBUG:colcon.colcon_installed_package_information.package_discovery:Found 445 installed packages in /opt/ros/humble
[0.484s] Level 1:colcon.colcon_core.package_discovery:discover_packages(prefix_path) using defaults
[0.543s] Level 5:colcon.colcon_core.verb:set package 'multi_gun_robot_pkg' build argument 'cmake_args' from command line to 'None'
[0.543s] Level 5:colcon.colcon_core.verb:set package 'multi_gun_robot_pkg' build argument 'cmake_target' from command line to 'None'
[0.543s] Level 5:colcon.colcon_core.verb:set package 'multi_gun_robot_pkg' build argument 'cmake_target_skip_unavailable' from command line to 'False'
[0.543s] Level 5:colcon.colcon_core.verb:set package 'multi_gun_robot_pkg' build argument 'cmake_clean_cache' from command line to 'False'
[0.543s] Level 5:colcon.colcon_core.verb:set package 'multi_gun_robot_pkg' build argument 'cmake_clean_first' from command line to 'False'
[0.543s] Level 5:colcon.colcon_core.verb:set package 'multi_gun_robot_pkg' build argument 'cmake_force_configure' from command line to 'False'
[0.543s] Level 5:colcon.colcon_core.verb:set package 'multi_gun_robot_pkg' build argument 'ament_cmake_args' from command line to 'None'
[0.543s] Level 5:colcon.colcon_core.verb:set package 'multi_gun_robot_pkg' build argument 'catkin_cmake_args' from command line to 'None'
[0.543s] Level 5:colcon.colcon_core.verb:set package 'multi_gun_robot_pkg' build argument 'catkin_skip_building_tests' from command line to 'False'
[0.543s] DEBUG:colcon.colcon_core.verb:Building package 'multi_gun_robot_pkg' with the following arguments: {'ament_cmake_args': None, 'build_base': '/home/rokey/b4_multi_robot_ws/build/multi_gun_robot_pkg', 'catkin_cmake_args': None, 'catkin_skip_building_tests': False, 'cmake_args': None, 'cmake_clean_cache': False, 'cmake_clean_first': False, 'cmake_force_configure': False, 'cmake_target': None, 'cmake_target_skip_unavailable': False, 'install_base': '/home/rokey/b4_multi_robot_ws/install/multi_gun_robot_pkg', 'merge_install': False, 'path': '/home/rokey/b4_multi_robot_ws/src/multi_gun_robot_pkg', 'symlink_install': False, 'test_result_base': None}
[0.544s] Level 5:colcon.colcon_core.verb:set package 'turtlebot3_multi_robot' build argument 'cmake_args' from command line to 'None'
[0.544s] Level 5:colcon.colcon_core.verb:set package 'turtlebot3_multi_robot' build argument 'cmake_target' from command line to 'None'
[0.544s] Level 5:colcon.colcon_core.verb:set package 'turtlebot3_multi_robot' build argument 'cmake_target_skip_unavailable' from command line to 'False'
[0.544s] Level 5:colcon.colcon_core.verb:set package 'turtlebot3_multi_robot' build argument 'cmake_clean_cache' from command line to 'False'
[0.544s] Level 5:colcon.colcon_core.verb:set package 'turtlebot3_multi_robot' build argument 'cmake_clean_first' from command line to 'False'
[0.544s] Level 5:colcon.colcon_core.verb:set package 'turtlebot3_multi_robot' build argument 'cmake_force_configure' from command line to 'False'
[0.544s] Level 5:colcon.colcon_core.verb:set package 'turtlebot3_multi_robot' build argument 'ament_cmake_args' from command line to 'None'
[0.544s] Level 5:colcon.colcon_core.verb:set package 'turtlebot3_multi_robot' build argument 'catkin_cmake_args' from command line to 'None'
[0.544s] Level 5:colcon.colcon_core.verb:set package 'turtlebot3_multi_robot' build argument 'catkin_skip_building_tests' from command line to 'False'
[0.544s] DEBUG:colcon.colcon_core.verb:Building package 'turtlebot3_multi_robot' with the following arguments: {'ament_cmake_args': None, 'build_base': '/home/rokey/b4_multi_robot_ws/build/turtlebot3_multi_robot', 'catkin_cmake_args': None, 'catkin_skip_building_tests': False, 'cmake_args': None, 'cmake_clean_cache': False, 'cmake_clean_first': False, 'cmake_force_configure': False, 'cmake_target': None, 'cmake_target_skip_unavailable': False, 'install_base': '/home/rokey/b4_multi_robot_ws/install/turtlebot3_multi_robot', 'merge_install': False, 'path': '/home/rokey/b4_multi_robot_ws/src/turtlebot3_multi_robot', 'symlink_install': False, 'test_result_base': None}
[0.544s] Level 5:colcon.colcon_core.verb:set package 'urdf_tutorial' build argument 'cmake_args' from command line to 'None'
[0.544s] Level 5:colcon.colcon_core.verb:set package 'urdf_tutorial' build argument 'cmake_target' from command line to 'None'
[0.544s] Level 5:colcon.colcon_core.verb:set package 'urdf_tutorial' build argument 'cmake_target_skip_unavailable' from command line to 'False'
[0.544s] Level 5:colcon.colcon_core.verb:set package 'urdf_tutorial' build argument 'cmake_clean_cache' from command line to 'False'
[0.544s] Level 5:colcon.colcon_core.verb:set package 'urdf_tutorial' build argument 'cmake_clean_first' from command line to 'False'
[0.544s] Level 5:colcon.colcon_core.verb:set package 'urdf_tutorial' build argument 'cmake_force_configure' from command line to 'False'
[0.544s] Level 5:colcon.colcon_core.verb:set package 'urdf_tutorial' build argument 'ament_cmake_args' from command line to 'None'
[0.544s] Level 5:colcon.colcon_core.verb:set package 'urdf_tutorial' build argument 'catkin_cmake_args' from command line to 'None'
[0.544s] Level 5:colcon.colcon_core.verb:set package 'urdf_tutorial' build argument 'catkin_skip_building_tests' from command line to 'False'
[0.544s] DEBUG:colcon.colcon_core.verb:Building package 'urdf_tutorial' with the following arguments: {'ament_cmake_args': None, 'build_base': '/home/rokey/b4_multi_robot_ws/build/urdf_tutorial', 'catkin_cmake_args': None, 'catkin_skip_building_tests': False, 'cmake_args': None, 'cmake_clean_cache': False, 'cmake_clean_first': False, 'cmake_force_configure': False, 'cmake_target': None, 'cmake_target_skip_unavailable': False, 'install_base': '/home/rokey/b4_multi_robot_ws/install/urdf_tutorial', 'merge_install': False, 'path': '/home/rokey/b4_multi_robot_ws/src/urdf_tutorial', 'symlink_install': False, 'test_result_base': None}
[0.545s] Level 5:colcon.colcon_core.verb:set package 'urdf_tutorial2' build argument 'cmake_args' from command line to 'None'
[0.545s] Level 5:colcon.colcon_core.verb:set package 'urdf_tutorial2' build argument 'cmake_target' from command line to 'None'
[0.545s] Level 5:colcon.colcon_core.verb:set package 'urdf_tutorial2' build argument 'cmake_target_skip_unavailable' from command line to 'False'
[0.545s] Level 5:colcon.colcon_core.verb:set package 'urdf_tutorial2' build argument 'cmake_clean_cache' from command line to 'False'
[0.545s] Level 5:colcon.colcon_core.verb:set package 'urdf_tutorial2' build argument 'cmake_clean_first' from command line to 'False'
[0.545s] Level 5:colcon.colcon_core.verb:set package 'urdf_tutorial2' build argument 'cmake_force_configure' from command line to 'False'
[0.545s] Level 5:colcon.colcon_core.verb:set package 'urdf_tutorial2' build argument 'ament_cmake_args' from command line to 'None'
[0.545s] Level 5:colcon.colcon_core.verb:set package 'urdf_tutorial2' build argument 'catkin_cmake_args' from command line to 'None'
[0.545s] Level 5:colcon.colcon_core.verb:set package 'urdf_tutorial2' build argument 'catkin_skip_building_tests' from command line to 'False'
[0.545s] DEBUG:colcon.colcon_core.verb:Building package 'urdf_tutorial2' with the following arguments: {'ament_cmake_args': None, 'build_base': '/home/rokey/b4_multi_robot_ws/build/urdf_tutorial2', 'catkin_cmake_args': None, 'catkin_skip_building_tests': False, 'cmake_args': None, 'cmake_clean_cache': False, 'cmake_clean_first': False, 'cmake_force_configure': False, 'cmake_target': None, 'cmake_target_skip_unavailable': False, 'install_base': '/home/rokey/b4_multi_robot_ws/install/urdf_tutorial2', 'merge_install': False, 'path': '/home/rokey/b4_multi_robot_ws/src/urdf_tutorial2', 'symlink_install': False, 'test_result_base': None}
[0.545s] INFO:colcon.colcon_core.executor:Executing jobs using 'parallel' executor
[0.546s] DEBUG:colcon.colcon_parallel_executor.executor.parallel:run_until_complete
[0.546s] INFO:colcon.colcon_ros.task.ament_python.build:Building ROS package in '/home/rokey/b4_multi_robot_ws/src/multi_gun_robot_pkg' with build type 'ament_python'
[0.547s] Level 1:colcon.colcon_core.shell:create_environment_hook('multi_gun_robot_pkg', 'ament_prefix_path')
[0.550s] INFO:colcon.colcon_core.plugin_system:Skipping extension 'colcon_core.shell.bat': Not used on non-Windows systems
[0.550s] INFO:colcon.colcon_core.shell:Creating environment hook '/home/rokey/b4_multi_robot_ws/install/multi_gun_robot_pkg/share/multi_gun_robot_pkg/hook/ament_prefix_path.ps1'
[0.551s] INFO:colcon.colcon_core.shell:Creating environment descriptor '/home/rokey/b4_multi_robot_ws/install/multi_gun_robot_pkg/share/multi_gun_robot_pkg/hook/ament_prefix_path.dsv'
[0.551s] INFO:colcon.colcon_core.shell:Creating environment hook '/home/rokey/b4_multi_robot_ws/install/multi_gun_robot_pkg/share/multi_gun_robot_pkg/hook/ament_prefix_path.sh'
[0.552s] INFO:colcon.colcon_core.shell:Skip shell extension 'powershell' for command environment: Not usable outside of PowerShell
[0.552s] DEBUG:colcon.colcon_core.shell:Skip shell extension 'dsv' for command environment
[0.557s] INFO:colcon.colcon_ros.task.ament_cmake.build:Building ROS package in '/home/rokey/b4_multi_robot_ws/src/turtlebot3_multi_robot' with build type 'ament_cmake'
[0.557s] INFO:colcon.colcon_cmake.task.cmake.build:Building CMake package in '/home/rokey/b4_multi_robot_ws/src/turtlebot3_multi_robot'
[0.557s] INFO:colcon.colcon_core.shell:Skip shell extension 'powershell' for command environment: Not usable outside of PowerShell
[0.557s] DEBUG:colcon.colcon_core.shell:Skip shell extension 'dsv' for command environment
[0.563s] INFO:colcon.colcon_ros.task.ament_python.build:Building ROS package in '/home/rokey/b4_multi_robot_ws/src/urdf_tutorial' with build type 'ament_python'
[0.563s] Level 1:colcon.colcon_core.shell:create_environment_hook('urdf_tutorial', 'ament_prefix_path')
[0.563s] INFO:colcon.colcon_core.shell:Creating environment hook '/home/rokey/b4_multi_robot_ws/install/urdf_tutorial/share/urdf_tutorial/hook/ament_prefix_path.ps1'
[0.564s] INFO:colcon.colcon_core.shell:Creating environment descriptor '/home/rokey/b4_multi_robot_ws/install/urdf_tutorial/share/urdf_tutorial/hook/ament_prefix_path.dsv'
[0.565s] INFO:colcon.colcon_core.shell:Creating environment hook '/home/rokey/b4_multi_robot_ws/install/urdf_tutorial/share/urdf_tutorial/hook/ament_prefix_path.sh'
[0.565s] INFO:colcon.colcon_core.shell:Skip shell extension 'powershell' for command environment: Not usable outside of PowerShell
[0.565s] DEBUG:colcon.colcon_core.shell:Skip shell extension 'dsv' for command environment
[0.569s] INFO:colcon.colcon_ros.task.ament_python.build:Building ROS package in '/home/rokey/b4_multi_robot_ws/src/urdf_tutorial2' with build type 'ament_python'
[0.569s] Level 1:colcon.colcon_core.shell:create_environment_hook('urdf_tutorial2', 'ament_prefix_path')
[0.570s] INFO:colcon.colcon_core.shell:Creating environment hook '/home/rokey/b4_multi_robot_ws/install/urdf_tutorial2/share/urdf_tutorial2/hook/ament_prefix_path.ps1'
[0.570s] INFO:colcon.colcon_core.shell:Creating environment descriptor '/home/rokey/b4_multi_robot_ws/install/urdf_tutorial2/share/urdf_tutorial2/hook/ament_prefix_path.dsv'
[0.571s] INFO:colcon.colcon_core.shell:Creating environment hook '/home/rokey/b4_multi_robot_ws/install/urdf_tutorial2/share/urdf_tutorial2/hook/ament_prefix_path.sh'
[0.571s] INFO:colcon.colcon_core.shell:Skip shell extension 'powershell' for command environment: Not usable outside of PowerShell
[0.571s] DEBUG:colcon.colcon_core.shell:Skip shell extension 'dsv' for command environment
[0.940s] INFO:colcon.colcon_core.task.python.build:Building Python package in '/home/rokey/b4_multi_robot_ws/src/multi_gun_robot_pkg'
[0.940s] INFO:colcon.colcon_core.shell:Skip shell extension 'powershell' for command environment: Not usable outside of PowerShell
[0.940s] DEBUG:colcon.colcon_core.shell:Skip shell extension 'dsv' for command environment
[0.949s] DEBUG:colcon.colcon_core.event_handler.log_command:Invoking command in '/home/rokey/b4_multi_robot_ws/build/turtlebot3_multi_robot': CMAKE_PREFIX_PATH=${CMAKE_PREFIX_PATH}:/home/rokey/turtlebot3_ws/install/turtlebot3_teleop:/home/rokey/turtlebot3_ws/install/turtlebot3_example:/opt/ros/humble /usr/bin/cmake --build /home/rokey/b4_multi_robot_ws/build/turtlebot3_multi_robot -- -j8 -l8
[1.262s] INFO:colcon.colcon_core.task.python.build:Building Python package in '/home/rokey/b4_multi_robot_ws/src/urdf_tutorial'
[1.262s] INFO:colcon.colcon_core.shell:Skip shell extension 'powershell' for command environment: Not usable outside of PowerShell
[1.262s] DEBUG:colcon.colcon_core.shell:Skip shell extension 'dsv' for command environment
[1.268s] DEBUG:colcon.colcon_core.event_handler.log_command:Invoked command in '/home/rokey/b4_multi_robot_ws/build/turtlebot3_multi_robot' returned '0': CMAKE_PREFIX_PATH=${CMAKE_PREFIX_PATH}:/home/rokey/turtlebot3_ws/install/turtlebot3_teleop:/home/rokey/turtlebot3_ws/install/turtlebot3_example:/opt/ros/humble /usr/bin/cmake --build /home/rokey/b4_multi_robot_ws/build/turtlebot3_multi_robot -- -j8 -l8
[1.616s] INFO:colcon.colcon_core.task.python.build:Building Python package in '/home/rokey/b4_multi_robot_ws/src/urdf_tutorial2'
[1.617s] INFO:colcon.colcon_core.shell:Skip shell extension 'powershell' for command environment: Not usable outside of PowerShell
[1.617s] DEBUG:colcon.colcon_core.shell:Skip shell extension 'dsv' for command environment
[1.659s] DEBUG:colcon.colcon_core.event_handler.log_command:Invoking command in '/home/rokey/b4_multi_robot_ws/build/turtlebot3_multi_robot': CMAKE_PREFIX_PATH=${CMAKE_PREFIX_PATH}:/home/rokey/turtlebot3_ws/install/turtlebot3_teleop:/home/rokey/turtlebot3_ws/install/turtlebot3_example:/opt/ros/humble /usr/bin/cmake --install /home/rokey/b4_multi_robot_ws/build/turtlebot3_multi_robot
[1.681s] Level 1:colcon.colcon_core.environment:create_environment_scripts_only(turtlebot3_multi_robot)
[1.683s] DEBUG:colcon.colcon_core.event_handler.log_command:Invoked command in '/home/rokey/b4_multi_robot_ws/build/turtlebot3_multi_robot' returned '0': CMAKE_PREFIX_PATH=${CMAKE_PREFIX_PATH}:/home/rokey/turtlebot3_ws/install/turtlebot3_teleop:/home/rokey/turtlebot3_ws/install/turtlebot3_example:/opt/ros/humble /usr/bin/cmake --install /home/rokey/b4_multi_robot_ws/build/turtlebot3_multi_robot
[1.697s] Level 1:colcon.colcon_core.environment:checking '/home/rokey/b4_multi_robot_ws/install/turtlebot3_multi_robot' for CMake module files
[1.698s] Level 1:colcon.colcon_core.environment:checking '/home/rokey/b4_multi_robot_ws/install/turtlebot3_multi_robot' for CMake config files
[1.698s] Level 1:colcon.colcon_core.shell:create_environment_hook('turtlebot3_multi_robot', 'cmake_prefix_path')
[1.698s] INFO:colcon.colcon_core.shell:Creating environment hook '/home/rokey/b4_multi_robot_ws/install/turtlebot3_multi_robot/share/turtlebot3_multi_robot/hook/cmake_prefix_path.ps1'
[1.699s] INFO:colcon.colcon_core.shell:Creating environment descriptor '/home/rokey/b4_multi_robot_ws/install/turtlebot3_multi_robot/share/turtlebot3_multi_robot/hook/cmake_prefix_path.dsv'
[1.700s] INFO:colcon.colcon_core.shell:Creating environment hook '/home/rokey/b4_multi_robot_ws/install/turtlebot3_multi_robot/share/turtlebot3_multi_robot/hook/cmake_prefix_path.sh'
[1.701s] Level 1:colcon.colcon_core.environment:checking '/home/rokey/b4_multi_robot_ws/install/turtlebot3_multi_robot/bin'
[1.701s] Level 1:colcon.colcon_core.environment:checking '/home/rokey/b4_multi_robot_ws/install/turtlebot3_multi_robot/lib/pkgconfig/turtlebot3_multi_robot.pc'
[1.701s] Level 1:colcon.colcon_core.environment:checking '/home/rokey/b4_multi_robot_ws/install/turtlebot3_multi_robot/lib/python3.10/site-packages'
[1.702s] Level 1:colcon.colcon_core.environment:checking '/home/rokey/b4_multi_robot_ws/install/turtlebot3_multi_robot/bin'
[1.702s] INFO:colcon.colcon_core.shell:Creating package script '/home/rokey/b4_multi_robot_ws/install/turtlebot3_multi_robot/share/turtlebot3_multi_robot/package.ps1'
[1.705s] INFO:colcon.colcon_core.shell:Creating package descriptor '/home/rokey/b4_multi_robot_ws/install/turtlebot3_multi_robot/share/turtlebot3_multi_robot/package.dsv'
[1.710s] INFO:colcon.colcon_core.shell:Creating package script '/home/rokey/b4_multi_robot_ws/install/turtlebot3_multi_robot/share/turtlebot3_multi_robot/package.sh'
[1.716s] INFO:colcon.colcon_core.shell:Creating package script '/home/rokey/b4_multi_robot_ws/install/turtlebot3_multi_robot/share/turtlebot3_multi_robot/package.bash'
[1.718s] INFO:colcon.colcon_core.shell:Creating package script '/home/rokey/b4_multi_robot_ws/install/turtlebot3_multi_robot/share/turtlebot3_multi_robot/package.zsh'
[1.719s] Level 1:colcon.colcon_core.environment:create_file_with_runtime_dependencies(/home/rokey/b4_multi_robot_ws/install/turtlebot3_multi_robot/share/colcon-core/packages/turtlebot3_multi_robot)
[1.770s] Level 1:colcon.colcon_core.environment:create_environment_scripts_only(turtlebot3_multi_robot)
[1.771s] Level 1:colcon.colcon_core.environment:checking '/home/rokey/b4_multi_robot_ws/install/turtlebot3_multi_robot' for CMake module files
[1.772s] Level 1:colcon.colcon_core.environment:checking '/home/rokey/b4_multi_robot_ws/install/turtlebot3_multi_robot' for CMake config files
[1.773s] Level 1:colcon.colcon_core.shell:create_environment_hook('turtlebot3_multi_robot', 'cmake_prefix_path')
[1.774s] INFO:colcon.colcon_core.shell:Creating environment hook '/home/rokey/b4_multi_robot_ws/install/turtlebot3_multi_robot/share/turtlebot3_multi_robot/hook/cmake_prefix_path.ps1'
[1.775s] INFO:colcon.colcon_core.shell:Creating environment descriptor '/home/rokey/b4_multi_robot_ws/install/turtlebot3_multi_robot/share/turtlebot3_multi_robot/hook/cmake_prefix_path.dsv'
[1.776s] INFO:colcon.colcon_core.shell:Creating environment hook '/home/rokey/b4_multi_robot_ws/install/turtlebot3_multi_robot/share/turtlebot3_multi_robot/hook/cmake_prefix_path.sh'
[1.777s] Level 1:colcon.colcon_core.environment:checking '/home/rokey/b4_multi_robot_ws/install/turtlebot3_multi_robot/bin'
[1.777s] Level 1:colcon.colcon_core.environment:checking '/home/rokey/b4_multi_robot_ws/install/turtlebot3_multi_robot/lib/pkgconfig/turtlebot3_multi_robot.pc'
[1.777s] Level 1:colcon.colcon_core.environment:checking '/home/rokey/b4_multi_robot_ws/install/turtlebot3_multi_robot/lib/python3.10/site-packages'
[1.778s] Level 1:colcon.colcon_core.environment:checking '/home/rokey/b4_multi_robot_ws/install/turtlebot3_multi_robot/bin'
[1.778s] INFO:colcon.colcon_core.shell:Creating package script '/home/rokey/b4_multi_robot_ws/install/turtlebot3_multi_robot/share/turtlebot3_multi_robot/package.ps1'
[1.779s] INFO:colcon.colcon_core.shell:Creating package descriptor '/home/rokey/b4_multi_robot_ws/install/turtlebot3_multi_robot/share/turtlebot3_multi_robot/package.dsv'
[1.780s] INFO:colcon.colcon_core.shell:Creating package script '/home/rokey/b4_multi_robot_ws/install/turtlebot3_multi_robot/share/turtlebot3_multi_robot/package.sh'
[1.781s] INFO:colcon.colcon_core.shell:Creating package script '/home/rokey/b4_multi_robot_ws/install/turtlebot3_multi_robot/share/turtlebot3_multi_robot/package.bash'
[1.782s] INFO:colcon.colcon_core.shell:Creating package script '/home/rokey/b4_multi_robot_ws/install/turtlebot3_multi_robot/share/turtlebot3_multi_robot/package.zsh'
[1.784s] Level 1:colcon.colcon_core.environment:create_file_with_runtime_dependencies(/home/rokey/b4_multi_robot_ws/install/turtlebot3_multi_robot/share/colcon-core/packages/turtlebot3_multi_robot)
[2.248s] DEBUG:colcon.colcon_core.event_handler.log_command:Invoking command in '/home/rokey/b4_multi_robot_ws/src/multi_gun_robot_pkg': PYTHONPATH=/home/rokey/b4_multi_robot_ws/build/multi_gun_robot_pkg/prefix_override:/usr/lib/python3/dist-packages/colcon_core/task/python/colcon_distutils_commands:/home/rokey/b4_multi_robot_ws/install/multi_gun_robot_pkg/lib/python3.10/site-packages:${PYTHONPATH} /usr/bin/python3 -W ignore:setup.py install is deprecated setup.py egg_info --egg-base ../../build/multi_gun_robot_pkg build --build-base /home/rokey/b4_multi_robot_ws/build/multi_gun_robot_pkg/build install --record /home/rokey/b4_multi_robot_ws/build/multi_gun_robot_pkg/install.log --single-version-externally-managed install_data
[2.249s] DEBUG:colcon.colcon_core.event_handler.log_command:Invoking command in '/home/rokey/b4_multi_robot_ws/src/urdf_tutorial': PYTHONPATH=/home/rokey/b4_multi_robot_ws/build/urdf_tutorial/prefix_override:/usr/lib/python3/dist-packages/colcon_core/task/python/colcon_distutils_commands:/home/rokey/b4_multi_robot_ws/install/urdf_tutorial/lib/python3.10/site-packages:${PYTHONPATH} /usr/bin/python3 -W ignore:setup.py install is deprecated setup.py egg_info --egg-base ../../build/urdf_tutorial build --build-base /home/rokey/b4_multi_robot_ws/build/urdf_tutorial/build install --record /home/rokey/b4_multi_robot_ws/build/urdf_tutorial/install.log --single-version-externally-managed install_data
[2.258s] DEBUG:colcon.colcon_core.event_handler.log_command:Invoking command in '/home/rokey/b4_multi_robot_ws/src/urdf_tutorial2': PYTHONPATH=/home/rokey/b4_multi_robot_ws/build/urdf_tutorial2/prefix_override:/usr/lib/python3/dist-packages/colcon_core/task/python/colcon_distutils_commands:/home/rokey/b4_multi_robot_ws/install/urdf_tutorial2/lib/python3.10/site-packages:${PYTHONPATH} /usr/bin/python3 -W ignore:setup.py install is deprecated setup.py egg_info --egg-base ../../build/urdf_tutorial2 build --build-base /home/rokey/b4_multi_robot_ws/build/urdf_tutorial2/build install --record /home/rokey/b4_multi_robot_ws/build/urdf_tutorial2/install.log --single-version-externally-managed install_data
[2.794s] Level 1:colcon.colcon_core.environment:checking '/home/rokey/b4_multi_robot_ws/install/urdf_tutorial' for CMake module files
[2.796s] DEBUG:colcon.colcon_core.event_handler.log_command:Invoked command in '/home/rokey/b4_multi_robot_ws/src/urdf_tutorial' returned '0': PYTHONPATH=/home/rokey/b4_multi_robot_ws/build/urdf_tutorial/prefix_override:/usr/lib/python3/dist-packages/colcon_core/task/python/colcon_distutils_commands:/home/rokey/b4_multi_robot_ws/install/urdf_tutorial/lib/python3.10/site-packages:${PYTHONPATH} /usr/bin/python3 -W ignore:setup.py install is deprecated setup.py egg_info --egg-base ../../build/urdf_tutorial build --build-base /home/rokey/b4_multi_robot_ws/build/urdf_tutorial/build install --record /home/rokey/b4_multi_robot_ws/build/urdf_tutorial/install.log --single-version-externally-managed install_data
[2.796s] Level 1:colcon.colcon_core.environment:checking '/home/rokey/b4_multi_robot_ws/install/urdf_tutorial' for CMake config files
[2.797s] Level 1:colcon.colcon_core.environment:checking '/home/rokey/b4_multi_robot_ws/install/urdf_tutorial/lib'
[2.798s] Level 1:colcon.colcon_core.environment:checking '/home/rokey/b4_multi_robot_ws/install/urdf_tutorial/bin'
[2.798s] Level 1:colcon.colcon_core.environment:checking '/home/rokey/b4_multi_robot_ws/install/urdf_tutorial/lib/pkgconfig/urdf_tutorial.pc'
[2.798s] Level 1:colcon.colcon_core.environment:checking '/home/rokey/b4_multi_robot_ws/install/urdf_tutorial/lib/python3.10/site-packages'
[2.798s] Level 1:colcon.colcon_core.shell:create_environment_hook('urdf_tutorial', 'pythonpath')
[2.799s] INFO:colcon.colcon_core.shell:Creating environment hook '/home/rokey/b4_multi_robot_ws/install/urdf_tutorial/share/urdf_tutorial/hook/pythonpath.ps1'
[2.800s] INFO:colcon.colcon_core.shell:Creating environment descriptor '/home/rokey/b4_multi_robot_ws/install/urdf_tutorial/share/urdf_tutorial/hook/pythonpath.dsv'
[2.801s] INFO:colcon.colcon_core.shell:Creating environment hook '/home/rokey/b4_multi_robot_ws/install/urdf_tutorial/share/urdf_tutorial/hook/pythonpath.sh'
[2.802s] Level 1:colcon.colcon_core.environment:checking '/home/rokey/b4_multi_robot_ws/install/urdf_tutorial/bin'
[2.802s] Level 1:colcon.colcon_core.environment:create_environment_scripts_only(urdf_tutorial)
[2.803s] INFO:colcon.colcon_core.shell:Creating package script '/home/rokey/b4_multi_robot_ws/install/urdf_tutorial/share/urdf_tutorial/package.ps1'
[2.804s] INFO:colcon.colcon_core.shell:Creating package descriptor '/home/rokey/b4_multi_robot_ws/install/urdf_tutorial/share/urdf_tutorial/package.dsv'
[2.805s] INFO:colcon.colcon_core.shell:Creating package script '/home/rokey/b4_multi_robot_ws/install/urdf_tutorial/share/urdf_tutorial/package.sh'
[2.806s] INFO:colcon.colcon_core.shell:Creating package script '/home/rokey/b4_multi_robot_ws/install/urdf_tutorial/share/urdf_tutorial/package.bash'
[2.807s] INFO:colcon.colcon_core.shell:Creating package script '/home/rokey/b4_multi_robot_ws/install/urdf_tutorial/share/urdf_tutorial/package.zsh'
[2.808s] Level 1:colcon.colcon_core.environment:create_file_with_runtime_dependencies(/home/rokey/b4_multi_robot_ws/install/urdf_tutorial/share/colcon-core/packages/urdf_tutorial)
[2.837s] Level 1:colcon.colcon_core.environment:checking '/home/rokey/b4_multi_robot_ws/install/urdf_tutorial2' for CMake module files
[2.838s] DEBUG:colcon.colcon_core.event_handler.log_command:Invoked command in '/home/rokey/b4_multi_robot_ws/src/urdf_tutorial2' returned '0': PYTHONPATH=/home/rokey/b4_multi_robot_ws/build/urdf_tutorial2/prefix_override:/usr/lib/python3/dist-packages/colcon_core/task/python/colcon_distutils_commands:/home/rokey/b4_multi_robot_ws/install/urdf_tutorial2/lib/python3.10/site-packages:${PYTHONPATH} /usr/bin/python3 -W ignore:setup.py install is deprecated setup.py egg_info --egg-base ../../build/urdf_tutorial2 build --build-base /home/rokey/b4_multi_robot_ws/build/urdf_tutorial2/build install --record /home/rokey/b4_multi_robot_ws/build/urdf_tutorial2/install.log --single-version-externally-managed install_data
[2.839s] Level 1:colcon.colcon_core.environment:checking '/home/rokey/b4_multi_robot_ws/install/urdf_tutorial2' for CMake config files
[2.840s] Level 1:colcon.colcon_core.environment:checking '/home/rokey/b4_multi_robot_ws/install/urdf_tutorial2/lib'
[2.841s] Level 1:colcon.colcon_core.environment:checking '/home/rokey/b4_multi_robot_ws/install/urdf_tutorial2/bin'
[2.841s] Level 1:colcon.colcon_core.environment:checking '/home/rokey/b4_multi_robot_ws/install/urdf_tutorial2/lib/pkgconfig/urdf_tutorial2.pc'
[2.841s] Level 1:colcon.colcon_core.environment:checking '/home/rokey/b4_multi_robot_ws/install/urdf_tutorial2/lib/python3.10/site-packages'
[2.842s] Level 1:colcon.colcon_core.shell:create_environment_hook('urdf_tutorial2', 'pythonpath')
[2.842s] INFO:colcon.colcon_core.shell:Creating environment hook '/home/rokey/b4_multi_robot_ws/install/urdf_tutorial2/share/urdf_tutorial2/hook/pythonpath.ps1'
[2.843s] INFO:colcon.colcon_core.shell:Creating environment descriptor '/home/rokey/b4_multi_robot_ws/install/urdf_tutorial2/share/urdf_tutorial2/hook/pythonpath.dsv'
[2.845s] INFO:colcon.colcon_core.shell:Creating environment hook '/home/rokey/b4_multi_robot_ws/install/urdf_tutorial2/share/urdf_tutorial2/hook/pythonpath.sh'
[2.846s] Level 1:colcon.colcon_core.environment:checking '/home/rokey/b4_multi_robot_ws/install/urdf_tutorial2/bin'
[2.847s] Level 1:colcon.colcon_core.environment:create_environment_scripts_only(urdf_tutorial2)
[2.847s] INFO:colcon.colcon_core.shell:Creating package script '/home/rokey/b4_multi_robot_ws/install/urdf_tutorial2/share/urdf_tutorial2/package.ps1'
[2.849s] INFO:colcon.colcon_core.shell:Creating package descriptor '/home/rokey/b4_multi_robot_ws/install/urdf_tutorial2/share/urdf_tutorial2/package.dsv'
[2.850s] INFO:colcon.colcon_core.shell:Creating package script '/home/rokey/b4_multi_robot_ws/install/urdf_tutorial2/share/urdf_tutorial2/package.sh'
[2.851s] INFO:colcon.colcon_core.shell:Creating package script '/home/rokey/b4_multi_robot_ws/install/urdf_tutorial2/share/urdf_tutorial2/package.bash'
[2.852s] INFO:colcon.colcon_core.shell:Creating package script '/home/rokey/b4_multi_robot_ws/install/urdf_tutorial2/share/urdf_tutorial2/package.zsh'
[2.852s] Level 1:colcon.colcon_core.environment:create_file_with_runtime_dependencies(/home/rokey/b4_multi_robot_ws/install/urdf_tutorial2/share/colcon-core/packages/urdf_tutorial2)
[2.854s] Level 1:colcon.colcon_core.environment:checking '/home/rokey/b4_multi_robot_ws/install/multi_gun_robot_pkg' for CMake module files
[2.855s] DEBUG:colcon.colcon_core.event_handler.log_command:Invoked command in '/home/rokey/b4_multi_robot_ws/src/multi_gun_robot_pkg' returned '0': PYTHONPATH=/home/rokey/b4_multi_robot_ws/build/multi_gun_robot_pkg/prefix_override:/usr/lib/python3/dist-packages/colcon_core/task/python/colcon_distutils_commands:/home/rokey/b4_multi_robot_ws/install/multi_gun_robot_pkg/lib/python3.10/site-packages:${PYTHONPATH} /usr/bin/python3 -W ignore:setup.py install is deprecated setup.py egg_info --egg-base ../../build/multi_gun_robot_pkg build --build-base /home/rokey/b4_multi_robot_ws/build/multi_gun_robot_pkg/build install --record /home/rokey/b4_multi_robot_ws/build/multi_gun_robot_pkg/install.log --single-version-externally-managed install_data
[2.856s] Level 1:colcon.colcon_core.environment:checking '/home/rokey/b4_multi_robot_ws/install/multi_gun_robot_pkg' for CMake config files
[2.857s] Level 1:colcon.colcon_core.environment:checking '/home/rokey/b4_multi_robot_ws/install/multi_gun_robot_pkg/lib'
[2.857s] Level 1:colcon.colcon_core.environment:checking '/home/rokey/b4_multi_robot_ws/install/multi_gun_robot_pkg/bin'
[2.857s] Level 1:colcon.colcon_core.environment:checking '/home/rokey/b4_multi_robot_ws/install/multi_gun_robot_pkg/lib/pkgconfig/multi_gun_robot_pkg.pc'
[2.857s] Level 1:colcon.colcon_core.environment:checking '/home/rokey/b4_multi_robot_ws/install/multi_gun_robot_pkg/lib/python3.10/site-packages'
[2.857s] Level 1:colcon.colcon_core.shell:create_environment_hook('multi_gun_robot_pkg', 'pythonpath')
[2.858s] INFO:colcon.colcon_core.shell:Creating environment hook '/home/rokey/b4_multi_robot_ws/install/multi_gun_robot_pkg/share/multi_gun_robot_pkg/hook/pythonpath.ps1'
[2.858s] INFO:colcon.colcon_core.shell:Creating environment descriptor '/home/rokey/b4_multi_robot_ws/install/multi_gun_robot_pkg/share/multi_gun_robot_pkg/hook/pythonpath.dsv'
[2.859s] INFO:colcon.colcon_core.shell:Creating environment hook '/home/rokey/b4_multi_robot_ws/install/multi_gun_robot_pkg/share/multi_gun_robot_pkg/hook/pythonpath.sh'
[2.860s] Level 1:colcon.colcon_core.environment:checking '/home/rokey/b4_multi_robot_ws/install/multi_gun_robot_pkg/bin'
[2.860s] Level 1:colcon.colcon_core.environment:create_environment_scripts_only(multi_gun_robot_pkg)
[2.861s] INFO:colcon.colcon_core.shell:Creating package script '/home/rokey/b4_multi_robot_ws/install/multi_gun_robot_pkg/share/multi_gun_robot_pkg/package.ps1'
[2.861s] INFO:colcon.colcon_core.shell:Creating package descriptor '/home/rokey/b4_multi_robot_ws/install/multi_gun_robot_pkg/share/multi_gun_robot_pkg/package.dsv'
[2.862s] INFO:colcon.colcon_core.shell:Creating package script '/home/rokey/b4_multi_robot_ws/install/multi_gun_robot_pkg/share/multi_gun_robot_pkg/package.sh'
[2.863s] INFO:colcon.colcon_core.shell:Creating package script '/home/rokey/b4_multi_robot_ws/install/multi_gun_robot_pkg/share/multi_gun_robot_pkg/package.bash'
[2.863s] INFO:colcon.colcon_core.shell:Creating package script '/home/rokey/b4_multi_robot_ws/install/multi_gun_robot_pkg/share/multi_gun_robot_pkg/package.zsh'
[2.864s] Level 1:colcon.colcon_core.environment:create_file_with_runtime_dependencies(/home/rokey/b4_multi_robot_ws/install/multi_gun_robot_pkg/share/colcon-core/packages/multi_gun_robot_pkg)
[2.864s] DEBUG:colcon.colcon_parallel_executor.executor.parallel:closing loop
[2.865s] DEBUG:colcon.colcon_parallel_executor.executor.parallel:loop closed
[2.865s] DEBUG:colcon.colcon_parallel_executor.executor.parallel:run_until_complete finished with '0'
[2.865s] DEBUG:colcon.colcon_core.event_reactor:joining thread
[2.873s] INFO:colcon.colcon_core.plugin_system:Skipping extension 'colcon_notification.desktop_notification.terminal_notifier': Not used on non-Darwin systems
[2.873s] INFO:colcon.colcon_core.plugin_system:Skipping extension 'colcon_notification.desktop_notification.win32': Not used on non-Windows systems
[2.873s] INFO:colcon.colcon_notification.desktop_notification:Sending desktop notification using 'notify2'
[2.887s] DEBUG:colcon.colcon_core.event_reactor:joined thread
[2.888s] INFO:colcon.colcon_core.shell:Creating prefix script '/home/rokey/b4_multi_robot_ws/install/local_setup.ps1'
[2.889s] INFO:colcon.colcon_core.shell:Creating prefix util module '/home/rokey/b4_multi_robot_ws/install/_local_setup_util_ps1.py'
[2.891s] INFO:colcon.colcon_core.shell:Creating prefix chain script '/home/rokey/b4_multi_robot_ws/install/setup.ps1'
[2.893s] INFO:colcon.colcon_core.shell:Creating prefix script '/home/rokey/b4_multi_robot_ws/install/local_setup.sh'
[2.894s] INFO:colcon.colcon_core.shell:Creating prefix util module '/home/rokey/b4_multi_robot_ws/install/_local_setup_util_sh.py'
[2.895s] INFO:colcon.colcon_core.shell:Creating prefix chain script '/home/rokey/b4_multi_robot_ws/install/setup.sh'
[2.897s] INFO:colcon.colcon_core.shell:Creating prefix script '/home/rokey/b4_multi_robot_ws/install/local_setup.bash'
[2.898s] INFO:colcon.colcon_core.shell:Creating prefix chain script '/home/rokey/b4_multi_robot_ws/install/setup.bash'
[2.900s] INFO:colcon.colcon_core.shell:Creating prefix script '/home/rokey/b4_multi_robot_ws/install/local_setup.zsh'
[2.901s] INFO:colcon.colcon_core.shell:Creating prefix chain script '/home/rokey/b4_multi_robot_ws/install/setup.zsh'
