/home/rokey/b4_multi_robot_ws/install/urdf_tutorial2/lib/python3.10/site-packages/urdf_tutorial2/projectile_spawner.py
/home/rokey/b4_multi_robot_ws/install/urdf_tutorial2/lib/python3.10/site-packages/urdf_tutorial2/projectile_spawner2.py
/home/rokey/b4_multi_robot_ws/install/urdf_tutorial2/lib/python3.10/site-packages/urdf_tutorial2/__init__.py
/home/rokey/b4_multi_robot_ws/install/urdf_tutorial2/lib/python3.10/site-packages/urdf_tutorial2/__pycache__/projectile_spawner.cpython-310.pyc
/home/rokey/b4_multi_robot_ws/install/urdf_tutorial2/lib/python3.10/site-packages/urdf_tutorial2/__pycache__/projectile_spawner2.cpython-310.pyc
/home/rokey/b4_multi_robot_ws/install/urdf_tutorial2/lib/python3.10/site-packages/urdf_tutorial2/__pycache__/__init__.cpython-310.pyc
/home/rokey/b4_multi_robot_ws/install/urdf_tutorial2/share/ament_index/resource_index/packages/urdf_tutorial2
/home/rokey/b4_multi_robot_ws/install/urdf_tutorial2/share/urdf_tutorial2/package.xml
/home/rokey/b4_multi_robot_ws/install/urdf_tutorial2/share/urdf_tutorial2/launch/sim.launch.py
/home/rokey/b4_multi_robot_ws/install/urdf_tutorial2/share/urdf_tutorial2/launch/robot_5.launch.py
/home/rokey/b4_multi_robot_ws/install/urdf_tutorial2/share/urdf_tutorial2/urdf
/home/rokey/b4_multi_robot_ws/install/urdf_tutorial2/lib/python3.10/site-packages/urdf_tutorial2-0.0.0-py3.10.egg-info/requires.txt
/home/rokey/b4_multi_robot_ws/install/urdf_tutorial2/lib/python3.10/site-packages/urdf_tutorial2-0.0.0-py3.10.egg-info/top_level.txt
/home/rokey/b4_multi_robot_ws/install/urdf_tutorial2/lib/python3.10/site-packages/urdf_tutorial2-0.0.0-py3.10.egg-info/dependency_links.txt
/home/rokey/b4_multi_robot_ws/install/urdf_tutorial2/lib/python3.10/site-packages/urdf_tutorial2-0.0.0-py3.10.egg-info/entry_points.txt
/home/rokey/b4_multi_robot_ws/install/urdf_tutorial2/lib/python3.10/site-packages/urdf_tutorial2-0.0.0-py3.10.egg-info/SOURCES.txt
/home/rokey/b4_multi_robot_ws/install/urdf_tutorial2/lib/python3.10/site-packages/urdf_tutorial2-0.0.0-py3.10.egg-info/zip-safe
/home/rokey/b4_multi_robot_ws/install/urdf_tutorial2/lib/python3.10/site-packages/urdf_tutorial2-0.0.0-py3.10.egg-info/PKG-INFO
/home/rokey/b4_multi_robot_ws/install/urdf_tutorial2/lib/urdf_tutorial2/projectile_spawner
/home/rokey/b4_multi_robot_ws/install/urdf_tutorial2/lib/urdf_tutorial2/projectile_spawner2
