[0.189s] DEBUG:colcon:Command line arguments: ['/usr/bin/colcon', 'build']
[0.189s] DEBUG:colcon:Parsed command line arguments: Namespace(log_base=None, log_level=None, verb_name='build', build_base='build', install_base='install', merge_install=False, symlink_install=False, test_result_base=None, continue_on_error=False, executor='parallel', parallel_workers=8, event_handlers=None, ignore_user_meta=False, metas=['./colcon.meta'], base_paths=['.'], packages_ignore=None, packages_ignore_regex=None, paths=None, packages_up_to=None, packages_up_to_regex=None, packages_above=None, packages_above_and_dependencies=None, packages_above_depth=None, packages_select_by_dep=None, packages_skip_by_dep=None, packages_skip_up_to=None, packages_select_build_failed=False, packages_skip_build_finished=False, packages_select_test_failures=False, packages_skip_test_passed=False, packages_select=None, packages_skip=None, packages_select_regex=None, packages_skip_regex=None, packages_start=None, packages_end=None, allow_overriding=[], cmake_args=None, cmake_target=None, cmake_target_skip_unavailable=False, cmake_clean_cache=False, cmake_clean_first=False, cmake_force_configure=False, ament_cmake_args=None, catkin_cmake_args=None, catkin_skip_building_tests=False, mixin_files=None, mixin=None, verb_parser=<colcon_mixin.mixin.mixin_argument.MixinArgumentDecorator object at 0x736f67f913f0>, verb_extension=<colcon_core.verb.build.BuildVerb object at 0x736f67f12fb0>, main=<bound method BuildVerb.main of <colcon_core.verb.build.BuildVerb object at 0x736f67f12fb0>>, mixin_verb=('build',))
[0.474s] Level 1:colcon.colcon_core.package_discovery:discover_packages(colcon_meta) check parameters
[0.474s] Level 1:colcon.colcon_core.package_discovery:discover_packages(recursive) check parameters
[0.474s] Level 1:colcon.colcon_core.package_discovery:discover_packages(ignore) check parameters
[0.475s] Level 1:colcon.colcon_core.package_discovery:discover_packages(path) check parameters
[0.475s] Level 1:colcon.colcon_core.package_discovery:discover_packages(colcon_meta) discover
[0.475s] Level 1:colcon.colcon_core.package_discovery:discover_packages(recursive) discover
[0.475s] INFO:colcon.colcon_core.package_discovery:Crawling recursively for packages in '/home/rokey/b4_multi_robot_ws'
[0.475s] Level 1:colcon.colcon_core.package_identification:_identify(.) by extensions ['ignore', 'ignore_ament_install']
[0.475s] Level 1:colcon.colcon_core.package_identification:_identify(.) by extension 'ignore'
[0.475s] Level 1:colcon.colcon_core.package_identification:_identify(.) by extension 'ignore_ament_install'
[0.475s] Level 1:colcon.colcon_core.package_identification:_identify(.) by extensions ['colcon_pkg']
[0.475s] Level 1:colcon.colcon_core.package_identification:_identify(.) by extension 'colcon_pkg'
[0.475s] Level 1:colcon.colcon_core.package_identification:_identify(.) by extensions ['colcon_meta']
[0.475s] Level 1:colcon.colcon_core.package_identification:_identify(.) by extension 'colcon_meta'
[0.475s] Level 1:colcon.colcon_core.package_identification:_identify(.) by extensions ['ros']
[0.475s] Level 1:colcon.colcon_core.package_identification:_identify(.) by extension 'ros'
[0.488s] Level 1:colcon.colcon_core.package_identification:_identify(.) by extensions ['cmake', 'python']
[0.488s] Level 1:colcon.colcon_core.package_identification:_identify(.) by extension 'cmake'
[0.488s] Level 1:colcon.colcon_core.package_identification:_identify(.) by extension 'python'
[0.488s] Level 1:colcon.colcon_core.package_identification:_identify(.) by extensions ['python_setup_py']
[0.488s] Level 1:colcon.colcon_core.package_identification:_identify(.) by extension 'python_setup_py'
[0.489s] Level 1:colcon.colcon_core.package_identification:_identify(build) by extensions ['ignore', 'ignore_ament_install']
[0.489s] Level 1:colcon.colcon_core.package_identification:_identify(build) by extension 'ignore'
[0.489s] Level 1:colcon.colcon_core.package_identification:_identify(build) ignored
[0.489s] Level 1:colcon.colcon_core.package_identification:_identify(install) by extensions ['ignore', 'ignore_ament_install']
[0.489s] Level 1:colcon.colcon_core.package_identification:_identify(install) by extension 'ignore'
[0.489s] Level 1:colcon.colcon_core.package_identification:_identify(install) ignored
[0.489s] Level 1:colcon.colcon_core.package_identification:_identify(log) by extensions ['ignore', 'ignore_ament_install']
[0.489s] Level 1:colcon.colcon_core.package_identification:_identify(log) by extension 'ignore'
[0.489s] Level 1:colcon.colcon_core.package_identification:_identify(log) ignored
[0.489s] Level 1:colcon.colcon_core.package_identification:_identify(src) by extensions ['ignore', 'ignore_ament_install']
[0.490s] Level 1:colcon.colcon_core.package_identification:_identify(src) by extension 'ignore'
[0.490s] Level 1:colcon.colcon_core.package_identification:_identify(src) by extension 'ignore_ament_install'
[0.490s] Level 1:colcon.colcon_core.package_identification:_identify(src) by extensions ['colcon_pkg']
[0.490s] Level 1:colcon.colcon_core.package_identification:_identify(src) by extension 'colcon_pkg'
[0.490s] Level 1:colcon.colcon_core.package_identification:_identify(src) by extensions ['colcon_meta']
[0.490s] Level 1:colcon.colcon_core.package_identification:_identify(src) by extension 'colcon_meta'
[0.490s] Level 1:colcon.colcon_core.package_identification:_identify(src) by extensions ['ros']
[0.490s] Level 1:colcon.colcon_core.package_identification:_identify(src) by extension 'ros'
[0.490s] Level 1:colcon.colcon_core.package_identification:_identify(src) by extensions ['cmake', 'python']
[0.490s] Level 1:colcon.colcon_core.package_identification:_identify(src) by extension 'cmake'
[0.490s] Level 1:colcon.colcon_core.package_identification:_identify(src) by extension 'python'
[0.490s] Level 1:colcon.colcon_core.package_identification:_identify(src) by extensions ['python_setup_py']
[0.490s] Level 1:colcon.colcon_core.package_identification:_identify(src) by extension 'python_setup_py'
[0.490s] Level 1:colcon.colcon_core.package_identification:_identify(src/multi_gun_robot_pkg) by extensions ['ignore', 'ignore_ament_install']
[0.490s] Level 1:colcon.colcon_core.package_identification:_identify(src/multi_gun_robot_pkg) by extension 'ignore'
[0.490s] Level 1:colcon.colcon_core.package_identification:_identify(src/multi_gun_robot_pkg) by extension 'ignore_ament_install'
[0.490s] Level 1:colcon.colcon_core.package_identification:_identify(src/multi_gun_robot_pkg) by extensions ['colcon_pkg']
[0.490s] Level 1:colcon.colcon_core.package_identification:_identify(src/multi_gun_robot_pkg) by extension 'colcon_pkg'
[0.490s] Level 1:colcon.colcon_core.package_identification:_identify(src/multi_gun_robot_pkg) by extensions ['colcon_meta']
[0.490s] Level 1:colcon.colcon_core.package_identification:_identify(src/multi_gun_robot_pkg) by extension 'colcon_meta'
[0.491s] Level 1:colcon.colcon_core.package_identification:_identify(src/multi_gun_robot_pkg) by extensions ['ros']
[0.491s] Level 1:colcon.colcon_core.package_identification:_identify(src/multi_gun_robot_pkg) by extension 'ros'
[0.493s] DEBUG:colcon.colcon_core.package_identification:Package 'src/multi_gun_robot_pkg' with type 'ros.ament_python' and name 'multi_gun_robot_pkg'
[0.493s] Level 1:colcon.colcon_core.package_identification:_identify(src/turtlebot3_multi_robot) by extensions ['ignore', 'ignore_ament_install']
[0.494s] Level 1:colcon.colcon_core.package_identification:_identify(src/turtlebot3_multi_robot) by extension 'ignore'
[0.494s] Level 1:colcon.colcon_core.package_identification:_identify(src/turtlebot3_multi_robot) by extension 'ignore_ament_install'
[0.494s] Level 1:colcon.colcon_core.package_identification:_identify(src/turtlebot3_multi_robot) by extensions ['colcon_pkg']
[0.494s] Level 1:colcon.colcon_core.package_identification:_identify(src/turtlebot3_multi_robot) by extension 'colcon_pkg'
[0.494s] Level 1:colcon.colcon_core.package_identification:_identify(src/turtlebot3_multi_robot) by extensions ['colcon_meta']
[0.494s] Level 1:colcon.colcon_core.package_identification:_identify(src/turtlebot3_multi_robot) by extension 'colcon_meta'
[0.494s] Level 1:colcon.colcon_core.package_identification:_identify(src/turtlebot3_multi_robot) by extensions ['ros']
[0.494s] Level 1:colcon.colcon_core.package_identification:_identify(src/turtlebot3_multi_robot) by extension 'ros'
[0.495s] DEBUG:colcon.colcon_core.package_identification:Package 'src/turtlebot3_multi_robot' with type 'ros.ament_cmake' and name 'turtlebot3_multi_robot'
[0.496s] Level 1:colcon.colcon_core.package_identification:_identify(src/urdf_tutorial) by extensions ['ignore', 'ignore_ament_install']
[0.496s] Level 1:colcon.colcon_core.package_identification:_identify(src/urdf_tutorial) by extension 'ignore'
[0.496s] Level 1:colcon.colcon_core.package_identification:_identify(src/urdf_tutorial) by extension 'ignore_ament_install'
[0.496s] Level 1:colcon.colcon_core.package_identification:_identify(src/urdf_tutorial) by extensions ['colcon_pkg']
[0.496s] Level 1:colcon.colcon_core.package_identification:_identify(src/urdf_tutorial) by extension 'colcon_pkg'
[0.496s] Level 1:colcon.colcon_core.package_identification:_identify(src/urdf_tutorial) by extensions ['colcon_meta']
[0.496s] Level 1:colcon.colcon_core.package_identification:_identify(src/urdf_tutorial) by extension 'colcon_meta'
[0.496s] Level 1:colcon.colcon_core.package_identification:_identify(src/urdf_tutorial) by extensions ['ros']
[0.496s] Level 1:colcon.colcon_core.package_identification:_identify(src/urdf_tutorial) by extension 'ros'
[0.497s] DEBUG:colcon.colcon_core.package_identification:Package 'src/urdf_tutorial' with type 'ros.ament_python' and name 'urdf_tutorial'
[0.497s] Level 1:colcon.colcon_core.package_identification:_identify(src/urdf_tutorial2) by extensions ['ignore', 'ignore_ament_install']
[0.497s] Level 1:colcon.colcon_core.package_identification:_identify(src/urdf_tutorial2) by extension 'ignore'
[0.497s] Level 1:colcon.colcon_core.package_identification:_identify(src/urdf_tutorial2) by extension 'ignore_ament_install'
[0.497s] Level 1:colcon.colcon_core.package_identification:_identify(src/urdf_tutorial2) by extensions ['colcon_pkg']
[0.497s] Level 1:colcon.colcon_core.package_identification:_identify(src/urdf_tutorial2) by extension 'colcon_pkg'
[0.497s] Level 1:colcon.colcon_core.package_identification:_identify(src/urdf_tutorial2) by extensions ['colcon_meta']
[0.497s] Level 1:colcon.colcon_core.package_identification:_identify(src/urdf_tutorial2) by extension 'colcon_meta'
[0.497s] Level 1:colcon.colcon_core.package_identification:_identify(src/urdf_tutorial2) by extensions ['ros']
[0.497s] Level 1:colcon.colcon_core.package_identification:_identify(src/urdf_tutorial2) by extension 'ros'
[0.498s] DEBUG:colcon.colcon_core.package_identification:Package 'src/urdf_tutorial2' with type 'ros.ament_python' and name 'urdf_tutorial2'
[0.498s] Level 1:colcon.colcon_core.package_discovery:discover_packages(recursive) using defaults
[0.498s] Level 1:colcon.colcon_core.package_discovery:discover_packages(ignore) discover
[0.499s] Level 1:colcon.colcon_core.package_discovery:discover_packages(ignore) using defaults
[0.499s] Level 1:colcon.colcon_core.package_discovery:discover_packages(path) discover
[0.499s] Level 1:colcon.colcon_core.package_discovery:discover_packages(path) using defaults
[0.522s] Level 1:colcon.colcon_core.package_discovery:discover_packages(prefix_path) check parameters
[0.522s] Level 1:colcon.colcon_core.package_discovery:discover_packages(prefix_path) discover
[0.524s] DEBUG:colcon.colcon_installed_package_information.package_discovery:Found 21 installed packages in /home/rokey/turtlebot3_ws/install
[0.526s] DEBUG:colcon.colcon_installed_package_information.package_discovery:Found 445 installed packages in /opt/ros/humble
[0.530s] Level 1:colcon.colcon_core.package_discovery:discover_packages(prefix_path) using defaults
[0.587s] Level 5:colcon.colcon_core.verb:set package 'multi_gun_robot_pkg' build argument 'cmake_args' from command line to 'None'
[0.587s] Level 5:colcon.colcon_core.verb:set package 'multi_gun_robot_pkg' build argument 'cmake_target' from command line to 'None'
[0.587s] Level 5:colcon.colcon_core.verb:set package 'multi_gun_robot_pkg' build argument 'cmake_target_skip_unavailable' from command line to 'False'
[0.588s] Level 5:colcon.colcon_core.verb:set package 'multi_gun_robot_pkg' build argument 'cmake_clean_cache' from command line to 'False'
[0.588s] Level 5:colcon.colcon_core.verb:set package 'multi_gun_robot_pkg' build argument 'cmake_clean_first' from command line to 'False'
[0.588s] Level 5:colcon.colcon_core.verb:set package 'multi_gun_robot_pkg' build argument 'cmake_force_configure' from command line to 'False'
[0.588s] Level 5:colcon.colcon_core.verb:set package 'multi_gun_robot_pkg' build argument 'ament_cmake_args' from command line to 'None'
[0.588s] Level 5:colcon.colcon_core.verb:set package 'multi_gun_robot_pkg' build argument 'catkin_cmake_args' from command line to 'None'
[0.588s] Level 5:colcon.colcon_core.verb:set package 'multi_gun_robot_pkg' build argument 'catkin_skip_building_tests' from command line to 'False'
[0.588s] DEBUG:colcon.colcon_core.verb:Building package 'multi_gun_robot_pkg' with the following arguments: {'ament_cmake_args': None, 'build_base': '/home/rokey/b4_multi_robot_ws/build/multi_gun_robot_pkg', 'catkin_cmake_args': None, 'catkin_skip_building_tests': False, 'cmake_args': None, 'cmake_clean_cache': False, 'cmake_clean_first': False, 'cmake_force_configure': False, 'cmake_target': None, 'cmake_target_skip_unavailable': False, 'install_base': '/home/rokey/b4_multi_robot_ws/install/multi_gun_robot_pkg', 'merge_install': False, 'path': '/home/rokey/b4_multi_robot_ws/src/multi_gun_robot_pkg', 'symlink_install': False, 'test_result_base': None}
[0.588s] Level 5:colcon.colcon_core.verb:set package 'turtlebot3_multi_robot' build argument 'cmake_args' from command line to 'None'
[0.588s] Level 5:colcon.colcon_core.verb:set package 'turtlebot3_multi_robot' build argument 'cmake_target' from command line to 'None'
[0.588s] Level 5:colcon.colcon_core.verb:set package 'turtlebot3_multi_robot' build argument 'cmake_target_skip_unavailable' from command line to 'False'
[0.588s] Level 5:colcon.colcon_core.verb:set package 'turtlebot3_multi_robot' build argument 'cmake_clean_cache' from command line to 'False'
[0.588s] Level 5:colcon.colcon_core.verb:set package 'turtlebot3_multi_robot' build argument 'cmake_clean_first' from command line to 'False'
[0.588s] Level 5:colcon.colcon_core.verb:set package 'turtlebot3_multi_robot' build argument 'cmake_force_configure' from command line to 'False'
[0.588s] Level 5:colcon.colcon_core.verb:set package 'turtlebot3_multi_robot' build argument 'ament_cmake_args' from command line to 'None'
[0.588s] Level 5:colcon.colcon_core.verb:set package 'turtlebot3_multi_robot' build argument 'catkin_cmake_args' from command line to 'None'
[0.588s] Level 5:colcon.colcon_core.verb:set package 'turtlebot3_multi_robot' build argument 'catkin_skip_building_tests' from command line to 'False'
[0.588s] DEBUG:colcon.colcon_core.verb:Building package 'turtlebot3_multi_robot' with the following arguments: {'ament_cmake_args': None, 'build_base': '/home/rokey/b4_multi_robot_ws/build/turtlebot3_multi_robot', 'catkin_cmake_args': None, 'catkin_skip_building_tests': False, 'cmake_args': None, 'cmake_clean_cache': False, 'cmake_clean_first': False, 'cmake_force_configure': False, 'cmake_target': None, 'cmake_target_skip_unavailable': False, 'install_base': '/home/rokey/b4_multi_robot_ws/install/turtlebot3_multi_robot', 'merge_install': False, 'path': '/home/rokey/b4_multi_robot_ws/src/turtlebot3_multi_robot', 'symlink_install': False, 'test_result_base': None}
[0.589s] Level 5:colcon.colcon_core.verb:set package 'urdf_tutorial' build argument 'cmake_args' from command line to 'None'
[0.589s] Level 5:colcon.colcon_core.verb:set package 'urdf_tutorial' build argument 'cmake_target' from command line to 'None'
[0.589s] Level 5:colcon.colcon_core.verb:set package 'urdf_tutorial' build argument 'cmake_target_skip_unavailable' from command line to 'False'
[0.589s] Level 5:colcon.colcon_core.verb:set package 'urdf_tutorial' build argument 'cmake_clean_cache' from command line to 'False'
[0.589s] Level 5:colcon.colcon_core.verb:set package 'urdf_tutorial' build argument 'cmake_clean_first' from command line to 'False'
[0.589s] Level 5:colcon.colcon_core.verb:set package 'urdf_tutorial' build argument 'cmake_force_configure' from command line to 'False'
[0.589s] Level 5:colcon.colcon_core.verb:set package 'urdf_tutorial' build argument 'ament_cmake_args' from command line to 'None'
[0.589s] Level 5:colcon.colcon_core.verb:set package 'urdf_tutorial' build argument 'catkin_cmake_args' from command line to 'None'
[0.589s] Level 5:colcon.colcon_core.verb:set package 'urdf_tutorial' build argument 'catkin_skip_building_tests' from command line to 'False'
[0.589s] DEBUG:colcon.colcon_core.verb:Building package 'urdf_tutorial' with the following arguments: {'ament_cmake_args': None, 'build_base': '/home/rokey/b4_multi_robot_ws/build/urdf_tutorial', 'catkin_cmake_args': None, 'catkin_skip_building_tests': False, 'cmake_args': None, 'cmake_clean_cache': False, 'cmake_clean_first': False, 'cmake_force_configure': False, 'cmake_target': None, 'cmake_target_skip_unavailable': False, 'install_base': '/home/rokey/b4_multi_robot_ws/install/urdf_tutorial', 'merge_install': False, 'path': '/home/rokey/b4_multi_robot_ws/src/urdf_tutorial', 'symlink_install': False, 'test_result_base': None}
[0.590s] Level 5:colcon.colcon_core.verb:set package 'urdf_tutorial2' build argument 'cmake_args' from command line to 'None'
[0.590s] Level 5:colcon.colcon_core.verb:set package 'urdf_tutorial2' build argument 'cmake_target' from command line to 'None'
[0.590s] Level 5:colcon.colcon_core.verb:set package 'urdf_tutorial2' build argument 'cmake_target_skip_unavailable' from command line to 'False'
[0.590s] Level 5:colcon.colcon_core.verb:set package 'urdf_tutorial2' build argument 'cmake_clean_cache' from command line to 'False'
[0.590s] Level 5:colcon.colcon_core.verb:set package 'urdf_tutorial2' build argument 'cmake_clean_first' from command line to 'False'
[0.590s] Level 5:colcon.colcon_core.verb:set package 'urdf_tutorial2' build argument 'cmake_force_configure' from command line to 'False'
[0.590s] Level 5:colcon.colcon_core.verb:set package 'urdf_tutorial2' build argument 'ament_cmake_args' from command line to 'None'
[0.590s] Level 5:colcon.colcon_core.verb:set package 'urdf_tutorial2' build argument 'catkin_cmake_args' from command line to 'None'
[0.590s] Level 5:colcon.colcon_core.verb:set package 'urdf_tutorial2' build argument 'catkin_skip_building_tests' from command line to 'False'
[0.590s] DEBUG:colcon.colcon_core.verb:Building package 'urdf_tutorial2' with the following arguments: {'ament_cmake_args': None, 'build_base': '/home/rokey/b4_multi_robot_ws/build/urdf_tutorial2', 'catkin_cmake_args': None, 'catkin_skip_building_tests': False, 'cmake_args': None, 'cmake_clean_cache': False, 'cmake_clean_first': False, 'cmake_force_configure': False, 'cmake_target': None, 'cmake_target_skip_unavailable': False, 'install_base': '/home/rokey/b4_multi_robot_ws/install/urdf_tutorial2', 'merge_install': False, 'path': '/home/rokey/b4_multi_robot_ws/src/urdf_tutorial2', 'symlink_install': False, 'test_result_base': None}
[0.590s] INFO:colcon.colcon_core.executor:Executing jobs using 'parallel' executor
[0.591s] DEBUG:colcon.colcon_parallel_executor.executor.parallel:run_until_complete
[0.592s] INFO:colcon.colcon_ros.task.ament_python.build:Building ROS package in '/home/rokey/b4_multi_robot_ws/src/multi_gun_robot_pkg' with build type 'ament_python'
[0.592s] Level 1:colcon.colcon_core.shell:create_environment_hook('multi_gun_robot_pkg', 'ament_prefix_path')
[0.594s] INFO:colcon.colcon_core.plugin_system:Skipping extension 'colcon_core.shell.bat': Not used on non-Windows systems
[0.595s] INFO:colcon.colcon_core.shell:Creating environment hook '/home/rokey/b4_multi_robot_ws/install/multi_gun_robot_pkg/share/multi_gun_robot_pkg/hook/ament_prefix_path.ps1'
[0.595s] INFO:colcon.colcon_core.shell:Creating environment descriptor '/home/rokey/b4_multi_robot_ws/install/multi_gun_robot_pkg/share/multi_gun_robot_pkg/hook/ament_prefix_path.dsv'
[0.596s] INFO:colcon.colcon_core.shell:Creating environment hook '/home/rokey/b4_multi_robot_ws/install/multi_gun_robot_pkg/share/multi_gun_robot_pkg/hook/ament_prefix_path.sh'
[0.597s] INFO:colcon.colcon_core.shell:Skip shell extension 'powershell' for command environment: Not usable outside of PowerShell
[0.597s] DEBUG:colcon.colcon_core.shell:Skip shell extension 'dsv' for command environment
[0.601s] INFO:colcon.colcon_ros.task.ament_cmake.build:Building ROS package in '/home/rokey/b4_multi_robot_ws/src/turtlebot3_multi_robot' with build type 'ament_cmake'
[0.601s] INFO:colcon.colcon_cmake.task.cmake.build:Building CMake package in '/home/rokey/b4_multi_robot_ws/src/turtlebot3_multi_robot'
[0.602s] INFO:colcon.colcon_core.shell:Skip shell extension 'powershell' for command environment: Not usable outside of PowerShell
[0.602s] DEBUG:colcon.colcon_core.shell:Skip shell extension 'dsv' for command environment
[0.607s] INFO:colcon.colcon_ros.task.ament_python.build:Building ROS package in '/home/rokey/b4_multi_robot_ws/src/urdf_tutorial' with build type 'ament_python'
[0.607s] Level 1:colcon.colcon_core.shell:create_environment_hook('urdf_tutorial', 'ament_prefix_path')
[0.607s] INFO:colcon.colcon_core.shell:Creating environment hook '/home/rokey/b4_multi_robot_ws/install/urdf_tutorial/share/urdf_tutorial/hook/ament_prefix_path.ps1'
[0.608s] INFO:colcon.colcon_core.shell:Creating environment descriptor '/home/rokey/b4_multi_robot_ws/install/urdf_tutorial/share/urdf_tutorial/hook/ament_prefix_path.dsv'
[0.608s] INFO:colcon.colcon_core.shell:Creating environment hook '/home/rokey/b4_multi_robot_ws/install/urdf_tutorial/share/urdf_tutorial/hook/ament_prefix_path.sh'
[0.609s] INFO:colcon.colcon_core.shell:Skip shell extension 'powershell' for command environment: Not usable outside of PowerShell
[0.609s] DEBUG:colcon.colcon_core.shell:Skip shell extension 'dsv' for command environment
[0.613s] INFO:colcon.colcon_ros.task.ament_python.build:Building ROS package in '/home/rokey/b4_multi_robot_ws/src/urdf_tutorial2' with build type 'ament_python'
[0.613s] Level 1:colcon.colcon_core.shell:create_environment_hook('urdf_tutorial2', 'ament_prefix_path')
[0.614s] INFO:colcon.colcon_core.shell:Creating environment hook '/home/rokey/b4_multi_robot_ws/install/urdf_tutorial2/share/urdf_tutorial2/hook/ament_prefix_path.ps1'
[0.614s] INFO:colcon.colcon_core.shell:Creating environment descriptor '/home/rokey/b4_multi_robot_ws/install/urdf_tutorial2/share/urdf_tutorial2/hook/ament_prefix_path.dsv'
[0.615s] INFO:colcon.colcon_core.shell:Creating environment hook '/home/rokey/b4_multi_robot_ws/install/urdf_tutorial2/share/urdf_tutorial2/hook/ament_prefix_path.sh'
[0.615s] INFO:colcon.colcon_core.shell:Skip shell extension 'powershell' for command environment: Not usable outside of PowerShell
[0.615s] DEBUG:colcon.colcon_core.shell:Skip shell extension 'dsv' for command environment
[0.950s] INFO:colcon.colcon_core.task.python.build:Building Python package in '/home/rokey/b4_multi_robot_ws/src/multi_gun_robot_pkg'
[0.950s] INFO:colcon.colcon_core.shell:Skip shell extension 'powershell' for command environment: Not usable outside of PowerShell
[0.951s] DEBUG:colcon.colcon_core.shell:Skip shell extension 'dsv' for command environment
[0.961s] DEBUG:colcon.colcon_core.event_handler.log_command:Invoking command in '/home/rokey/b4_multi_robot_ws/build/turtlebot3_multi_robot': CMAKE_PREFIX_PATH=${CMAKE_PREFIX_PATH}:/home/rokey/turtlebot3_ws/install/turtlebot3_teleop:/home/rokey/turtlebot3_ws/install/turtlebot3_example:/opt/ros/humble /usr/bin/cmake --build /home/rokey/b4_multi_robot_ws/build/turtlebot3_multi_robot -- -j8 -l8
[1.301s] INFO:colcon.colcon_core.task.python.build:Building Python package in '/home/rokey/b4_multi_robot_ws/src/urdf_tutorial'
[1.301s] INFO:colcon.colcon_core.shell:Skip shell extension 'powershell' for command environment: Not usable outside of PowerShell
[1.301s] DEBUG:colcon.colcon_core.shell:Skip shell extension 'dsv' for command environment
[1.618s] INFO:colcon.colcon_core.task.python.build:Building Python package in '/home/rokey/b4_multi_robot_ws/src/urdf_tutorial2'
[1.618s] INFO:colcon.colcon_core.shell:Skip shell extension 'powershell' for command environment: Not usable outside of PowerShell
[1.618s] DEBUG:colcon.colcon_core.shell:Skip shell extension 'dsv' for command environment
[1.624s] DEBUG:colcon.colcon_core.event_handler.log_command:Invoked command in '/home/rokey/b4_multi_robot_ws/build/turtlebot3_multi_robot' returned '0': CMAKE_PREFIX_PATH=${CMAKE_PREFIX_PATH}:/home/rokey/turtlebot3_ws/install/turtlebot3_teleop:/home/rokey/turtlebot3_ws/install/turtlebot3_example:/opt/ros/humble /usr/bin/cmake --build /home/rokey/b4_multi_robot_ws/build/turtlebot3_multi_robot -- -j8 -l8
[1.656s] DEBUG:colcon.colcon_core.event_handler.log_command:Invoking command in '/home/rokey/b4_multi_robot_ws/build/turtlebot3_multi_robot': CMAKE_PREFIX_PATH=${CMAKE_PREFIX_PATH}:/home/rokey/turtlebot3_ws/install/turtlebot3_teleop:/home/rokey/turtlebot3_ws/install/turtlebot3_example:/opt/ros/humble /usr/bin/cmake --install /home/rokey/b4_multi_robot_ws/build/turtlebot3_multi_robot
[1.670s] Level 1:colcon.colcon_core.environment:create_environment_scripts_only(turtlebot3_multi_robot)
[1.674s] DEBUG:colcon.colcon_core.event_handler.log_command:Invoked command in '/home/rokey/b4_multi_robot_ws/build/turtlebot3_multi_robot' returned '0': CMAKE_PREFIX_PATH=${CMAKE_PREFIX_PATH}:/home/rokey/turtlebot3_ws/install/turtlebot3_teleop:/home/rokey/turtlebot3_ws/install/turtlebot3_example:/opt/ros/humble /usr/bin/cmake --install /home/rokey/b4_multi_robot_ws/build/turtlebot3_multi_robot
[1.677s] Level 1:colcon.colcon_core.environment:checking '/home/rokey/b4_multi_robot_ws/install/turtlebot3_multi_robot' for CMake module files
[1.678s] Level 1:colcon.colcon_core.environment:checking '/home/rokey/b4_multi_robot_ws/install/turtlebot3_multi_robot' for CMake config files
[1.679s] Level 1:colcon.colcon_core.shell:create_environment_hook('turtlebot3_multi_robot', 'cmake_prefix_path')
[1.679s] INFO:colcon.colcon_core.shell:Creating environment hook '/home/rokey/b4_multi_robot_ws/install/turtlebot3_multi_robot/share/turtlebot3_multi_robot/hook/cmake_prefix_path.ps1'
[1.680s] INFO:colcon.colcon_core.shell:Creating environment descriptor '/home/rokey/b4_multi_robot_ws/install/turtlebot3_multi_robot/share/turtlebot3_multi_robot/hook/cmake_prefix_path.dsv'
[1.680s] INFO:colcon.colcon_core.shell:Creating environment hook '/home/rokey/b4_multi_robot_ws/install/turtlebot3_multi_robot/share/turtlebot3_multi_robot/hook/cmake_prefix_path.sh'
[1.681s] Level 1:colcon.colcon_core.environment:checking '/home/rokey/b4_multi_robot_ws/install/turtlebot3_multi_robot/bin'
[1.681s] Level 1:colcon.colcon_core.environment:checking '/home/rokey/b4_multi_robot_ws/install/turtlebot3_multi_robot/lib/pkgconfig/turtlebot3_multi_robot.pc'
[1.682s] Level 1:colcon.colcon_core.environment:checking '/home/rokey/b4_multi_robot_ws/install/turtlebot3_multi_robot/lib/python3.10/site-packages'
[1.682s] Level 1:colcon.colcon_core.environment:checking '/home/rokey/b4_multi_robot_ws/install/turtlebot3_multi_robot/bin'
[1.682s] INFO:colcon.colcon_core.shell:Creating package script '/home/rokey/b4_multi_robot_ws/install/turtlebot3_multi_robot/share/turtlebot3_multi_robot/package.ps1'
[1.684s] INFO:colcon.colcon_core.shell:Creating package descriptor '/home/rokey/b4_multi_robot_ws/install/turtlebot3_multi_robot/share/turtlebot3_multi_robot/package.dsv'
[1.685s] INFO:colcon.colcon_core.shell:Creating package script '/home/rokey/b4_multi_robot_ws/install/turtlebot3_multi_robot/share/turtlebot3_multi_robot/package.sh'
[1.686s] INFO:colcon.colcon_core.shell:Creating package script '/home/rokey/b4_multi_robot_ws/install/turtlebot3_multi_robot/share/turtlebot3_multi_robot/package.bash'
[1.687s] INFO:colcon.colcon_core.shell:Creating package script '/home/rokey/b4_multi_robot_ws/install/turtlebot3_multi_robot/share/turtlebot3_multi_robot/package.zsh'
[1.689s] Level 1:colcon.colcon_core.environment:create_file_with_runtime_dependencies(/home/rokey/b4_multi_robot_ws/install/turtlebot3_multi_robot/share/colcon-core/packages/turtlebot3_multi_robot)
[1.715s] Level 1:colcon.colcon_core.environment:create_environment_scripts_only(turtlebot3_multi_robot)
[1.716s] Level 1:colcon.colcon_core.environment:checking '/home/rokey/b4_multi_robot_ws/install/turtlebot3_multi_robot' for CMake module files
[1.716s] Level 1:colcon.colcon_core.environment:checking '/home/rokey/b4_multi_robot_ws/install/turtlebot3_multi_robot' for CMake config files
[1.717s] Level 1:colcon.colcon_core.shell:create_environment_hook('turtlebot3_multi_robot', 'cmake_prefix_path')
[1.717s] INFO:colcon.colcon_core.shell:Creating environment hook '/home/rokey/b4_multi_robot_ws/install/turtlebot3_multi_robot/share/turtlebot3_multi_robot/hook/cmake_prefix_path.ps1'
[1.717s] INFO:colcon.colcon_core.shell:Creating environment descriptor '/home/rokey/b4_multi_robot_ws/install/turtlebot3_multi_robot/share/turtlebot3_multi_robot/hook/cmake_prefix_path.dsv'
[1.718s] INFO:colcon.colcon_core.shell:Creating environment hook '/home/rokey/b4_multi_robot_ws/install/turtlebot3_multi_robot/share/turtlebot3_multi_robot/hook/cmake_prefix_path.sh'
[1.719s] Level 1:colcon.colcon_core.environment:checking '/home/rokey/b4_multi_robot_ws/install/turtlebot3_multi_robot/bin'
[1.719s] Level 1:colcon.colcon_core.environment:checking '/home/rokey/b4_multi_robot_ws/install/turtlebot3_multi_robot/lib/pkgconfig/turtlebot3_multi_robot.pc'
[1.719s] Level 1:colcon.colcon_core.environment:checking '/home/rokey/b4_multi_robot_ws/install/turtlebot3_multi_robot/lib/python3.10/site-packages'
[1.719s] Level 1:colcon.colcon_core.environment:checking '/home/rokey/b4_multi_robot_ws/install/turtlebot3_multi_robot/bin'
[1.720s] INFO:colcon.colcon_core.shell:Creating package script '/home/rokey/b4_multi_robot_ws/install/turtlebot3_multi_robot/share/turtlebot3_multi_robot/package.ps1'
[1.721s] INFO:colcon.colcon_core.shell:Creating package descriptor '/home/rokey/b4_multi_robot_ws/install/turtlebot3_multi_robot/share/turtlebot3_multi_robot/package.dsv'
[1.722s] INFO:colcon.colcon_core.shell:Creating package script '/home/rokey/b4_multi_robot_ws/install/turtlebot3_multi_robot/share/turtlebot3_multi_robot/package.sh'
[1.722s] INFO:colcon.colcon_core.shell:Creating package script '/home/rokey/b4_multi_robot_ws/install/turtlebot3_multi_robot/share/turtlebot3_multi_robot/package.bash'
[1.723s] INFO:colcon.colcon_core.shell:Creating package script '/home/rokey/b4_multi_robot_ws/install/turtlebot3_multi_robot/share/turtlebot3_multi_robot/package.zsh'
[1.724s] Level 1:colcon.colcon_core.environment:create_file_with_runtime_dependencies(/home/rokey/b4_multi_robot_ws/install/turtlebot3_multi_robot/share/colcon-core/packages/turtlebot3_multi_robot)
[2.167s] DEBUG:colcon.colcon_core.event_handler.log_command:Invoking command in '/home/rokey/b4_multi_robot_ws/src/urdf_tutorial': PYTHONPATH=/home/rokey/b4_multi_robot_ws/build/urdf_tutorial/prefix_override:/usr/lib/python3/dist-packages/colcon_core/task/python/colcon_distutils_commands:/home/rokey/b4_multi_robot_ws/install/urdf_tutorial/lib/python3.10/site-packages:${PYTHONPATH} /usr/bin/python3 -W ignore:setup.py install is deprecated setup.py egg_info --egg-base ../../build/urdf_tutorial build --build-base /home/rokey/b4_multi_robot_ws/build/urdf_tutorial/build install --record /home/rokey/b4_multi_robot_ws/build/urdf_tutorial/install.log --single-version-externally-managed install_data
[2.172s] DEBUG:colcon.colcon_core.event_handler.log_command:Invoking command in '/home/rokey/b4_multi_robot_ws/src/multi_gun_robot_pkg': PYTHONPATH=/home/rokey/b4_multi_robot_ws/build/multi_gun_robot_pkg/prefix_override:/usr/lib/python3/dist-packages/colcon_core/task/python/colcon_distutils_commands:/home/rokey/b4_multi_robot_ws/install/multi_gun_robot_pkg/lib/python3.10/site-packages:${PYTHONPATH} /usr/bin/python3 -W ignore:setup.py install is deprecated setup.py egg_info --egg-base ../../build/multi_gun_robot_pkg build --build-base /home/rokey/b4_multi_robot_ws/build/multi_gun_robot_pkg/build install --record /home/rokey/b4_multi_robot_ws/build/multi_gun_robot_pkg/install.log --single-version-externally-managed install_data
[2.174s] DEBUG:colcon.colcon_core.event_handler.log_command:Invoking command in '/home/rokey/b4_multi_robot_ws/src/urdf_tutorial2': PYTHONPATH=/home/rokey/b4_multi_robot_ws/build/urdf_tutorial2/prefix_override:/usr/lib/python3/dist-packages/colcon_core/task/python/colcon_distutils_commands:/home/rokey/b4_multi_robot_ws/install/urdf_tutorial2/lib/python3.10/site-packages:${PYTHONPATH} /usr/bin/python3 -W ignore:setup.py install is deprecated setup.py egg_info --egg-base ../../build/urdf_tutorial2 build --build-base /home/rokey/b4_multi_robot_ws/build/urdf_tutorial2/build install --record /home/rokey/b4_multi_robot_ws/build/urdf_tutorial2/install.log --single-version-externally-managed install_data
[2.613s] Level 1:colcon.colcon_core.environment:checking '/home/rokey/b4_multi_robot_ws/install/urdf_tutorial' for CMake module files
[2.615s] DEBUG:colcon.colcon_core.event_handler.log_command:Invoked command in '/home/rokey/b4_multi_robot_ws/src/urdf_tutorial' returned '0': PYTHONPATH=/home/rokey/b4_multi_robot_ws/build/urdf_tutorial/prefix_override:/usr/lib/python3/dist-packages/colcon_core/task/python/colcon_distutils_commands:/home/rokey/b4_multi_robot_ws/install/urdf_tutorial/lib/python3.10/site-packages:${PYTHONPATH} /usr/bin/python3 -W ignore:setup.py install is deprecated setup.py egg_info --egg-base ../../build/urdf_tutorial build --build-base /home/rokey/b4_multi_robot_ws/build/urdf_tutorial/build install --record /home/rokey/b4_multi_robot_ws/build/urdf_tutorial/install.log --single-version-externally-managed install_data
[2.615s] Level 1:colcon.colcon_core.environment:checking '/home/rokey/b4_multi_robot_ws/install/urdf_tutorial' for CMake config files
[2.616s] Level 1:colcon.colcon_core.environment:checking '/home/rokey/b4_multi_robot_ws/install/urdf_tutorial/lib'
[2.617s] Level 1:colcon.colcon_core.environment:checking '/home/rokey/b4_multi_robot_ws/install/urdf_tutorial/bin'
[2.617s] Level 1:colcon.colcon_core.environment:checking '/home/rokey/b4_multi_robot_ws/install/urdf_tutorial/lib/pkgconfig/urdf_tutorial.pc'
[2.617s] Level 1:colcon.colcon_core.environment:checking '/home/rokey/b4_multi_robot_ws/install/urdf_tutorial/lib/python3.10/site-packages'
[2.618s] Level 1:colcon.colcon_core.shell:create_environment_hook('urdf_tutorial', 'pythonpath')
[2.618s] INFO:colcon.colcon_core.shell:Creating environment hook '/home/rokey/b4_multi_robot_ws/install/urdf_tutorial/share/urdf_tutorial/hook/pythonpath.ps1'
[2.619s] INFO:colcon.colcon_core.shell:Creating environment descriptor '/home/rokey/b4_multi_robot_ws/install/urdf_tutorial/share/urdf_tutorial/hook/pythonpath.dsv'
[2.619s] INFO:colcon.colcon_core.shell:Creating environment hook '/home/rokey/b4_multi_robot_ws/install/urdf_tutorial/share/urdf_tutorial/hook/pythonpath.sh'
[2.621s] Level 1:colcon.colcon_core.environment:checking '/home/rokey/b4_multi_robot_ws/install/urdf_tutorial/bin'
[2.621s] Level 1:colcon.colcon_core.environment:create_environment_scripts_only(urdf_tutorial)
[2.621s] INFO:colcon.colcon_core.shell:Creating package script '/home/rokey/b4_multi_robot_ws/install/urdf_tutorial/share/urdf_tutorial/package.ps1'
[2.622s] INFO:colcon.colcon_core.shell:Creating package descriptor '/home/rokey/b4_multi_robot_ws/install/urdf_tutorial/share/urdf_tutorial/package.dsv'
[2.623s] INFO:colcon.colcon_core.shell:Creating package script '/home/rokey/b4_multi_robot_ws/install/urdf_tutorial/share/urdf_tutorial/package.sh'
[2.624s] INFO:colcon.colcon_core.shell:Creating package script '/home/rokey/b4_multi_robot_ws/install/urdf_tutorial/share/urdf_tutorial/package.bash'
[2.625s] INFO:colcon.colcon_core.shell:Creating package script '/home/rokey/b4_multi_robot_ws/install/urdf_tutorial/share/urdf_tutorial/package.zsh'
[2.626s] Level 1:colcon.colcon_core.environment:create_file_with_runtime_dependencies(/home/rokey/b4_multi_robot_ws/install/urdf_tutorial/share/colcon-core/packages/urdf_tutorial)
[2.643s] Level 1:colcon.colcon_core.environment:checking '/home/rokey/b4_multi_robot_ws/install/multi_gun_robot_pkg' for CMake module files
[2.645s] DEBUG:colcon.colcon_core.event_handler.log_command:Invoked command in '/home/rokey/b4_multi_robot_ws/src/multi_gun_robot_pkg' returned '0': PYTHONPATH=/home/rokey/b4_multi_robot_ws/build/multi_gun_robot_pkg/prefix_override:/usr/lib/python3/dist-packages/colcon_core/task/python/colcon_distutils_commands:/home/rokey/b4_multi_robot_ws/install/multi_gun_robot_pkg/lib/python3.10/site-packages:${PYTHONPATH} /usr/bin/python3 -W ignore:setup.py install is deprecated setup.py egg_info --egg-base ../../build/multi_gun_robot_pkg build --build-base /home/rokey/b4_multi_robot_ws/build/multi_gun_robot_pkg/build install --record /home/rokey/b4_multi_robot_ws/build/multi_gun_robot_pkg/install.log --single-version-externally-managed install_data
[2.646s] Level 1:colcon.colcon_core.environment:checking '/home/rokey/b4_multi_robot_ws/install/multi_gun_robot_pkg' for CMake config files
[2.647s] Level 1:colcon.colcon_core.environment:checking '/home/rokey/b4_multi_robot_ws/install/multi_gun_robot_pkg/lib'
[2.647s] Level 1:colcon.colcon_core.environment:checking '/home/rokey/b4_multi_robot_ws/install/multi_gun_robot_pkg/bin'
[2.647s] Level 1:colcon.colcon_core.environment:checking '/home/rokey/b4_multi_robot_ws/install/multi_gun_robot_pkg/lib/pkgconfig/multi_gun_robot_pkg.pc'
[2.648s] Level 1:colcon.colcon_core.environment:checking '/home/rokey/b4_multi_robot_ws/install/multi_gun_robot_pkg/lib/python3.10/site-packages'
[2.648s] Level 1:colcon.colcon_core.shell:create_environment_hook('multi_gun_robot_pkg', 'pythonpath')
[2.649s] INFO:colcon.colcon_core.shell:Creating environment hook '/home/rokey/b4_multi_robot_ws/install/multi_gun_robot_pkg/share/multi_gun_robot_pkg/hook/pythonpath.ps1'
[2.650s] INFO:colcon.colcon_core.shell:Creating environment descriptor '/home/rokey/b4_multi_robot_ws/install/multi_gun_robot_pkg/share/multi_gun_robot_pkg/hook/pythonpath.dsv'
[2.651s] INFO:colcon.colcon_core.shell:Creating environment hook '/home/rokey/b4_multi_robot_ws/install/multi_gun_robot_pkg/share/multi_gun_robot_pkg/hook/pythonpath.sh'
[2.653s] Level 1:colcon.colcon_core.environment:checking '/home/rokey/b4_multi_robot_ws/install/multi_gun_robot_pkg/bin'
[2.653s] Level 1:colcon.colcon_core.environment:create_environment_scripts_only(multi_gun_robot_pkg)
[2.654s] INFO:colcon.colcon_core.shell:Creating package script '/home/rokey/b4_multi_robot_ws/install/multi_gun_robot_pkg/share/multi_gun_robot_pkg/package.ps1'
[2.655s] INFO:colcon.colcon_core.shell:Creating package descriptor '/home/rokey/b4_multi_robot_ws/install/multi_gun_robot_pkg/share/multi_gun_robot_pkg/package.dsv'
[2.656s] INFO:colcon.colcon_core.shell:Creating package script '/home/rokey/b4_multi_robot_ws/install/multi_gun_robot_pkg/share/multi_gun_robot_pkg/package.sh'
[2.657s] INFO:colcon.colcon_core.shell:Creating package script '/home/rokey/b4_multi_robot_ws/install/multi_gun_robot_pkg/share/multi_gun_robot_pkg/package.bash'
[2.658s] INFO:colcon.colcon_core.shell:Creating package script '/home/rokey/b4_multi_robot_ws/install/multi_gun_robot_pkg/share/multi_gun_robot_pkg/package.zsh'
[2.659s] Level 1:colcon.colcon_core.environment:create_file_with_runtime_dependencies(/home/rokey/b4_multi_robot_ws/install/multi_gun_robot_pkg/share/colcon-core/packages/multi_gun_robot_pkg)
[2.669s] Level 1:colcon.colcon_core.environment:checking '/home/rokey/b4_multi_robot_ws/install/urdf_tutorial2' for CMake module files
[2.670s] DEBUG:colcon.colcon_core.event_handler.log_command:Invoked command in '/home/rokey/b4_multi_robot_ws/src/urdf_tutorial2' returned '0': PYTHONPATH=/home/rokey/b4_multi_robot_ws/build/urdf_tutorial2/prefix_override:/usr/lib/python3/dist-packages/colcon_core/task/python/colcon_distutils_commands:/home/rokey/b4_multi_robot_ws/install/urdf_tutorial2/lib/python3.10/site-packages:${PYTHONPATH} /usr/bin/python3 -W ignore:setup.py install is deprecated setup.py egg_info --egg-base ../../build/urdf_tutorial2 build --build-base /home/rokey/b4_multi_robot_ws/build/urdf_tutorial2/build install --record /home/rokey/b4_multi_robot_ws/build/urdf_tutorial2/install.log --single-version-externally-managed install_data
[2.671s] Level 1:colcon.colcon_core.environment:checking '/home/rokey/b4_multi_robot_ws/install/urdf_tutorial2' for CMake config files
[2.672s] Level 1:colcon.colcon_core.environment:checking '/home/rokey/b4_multi_robot_ws/install/urdf_tutorial2/lib'
[2.672s] Level 1:colcon.colcon_core.environment:checking '/home/rokey/b4_multi_robot_ws/install/urdf_tutorial2/bin'
[2.672s] Level 1:colcon.colcon_core.environment:checking '/home/rokey/b4_multi_robot_ws/install/urdf_tutorial2/lib/pkgconfig/urdf_tutorial2.pc'
[2.672s] Level 1:colcon.colcon_core.environment:checking '/home/rokey/b4_multi_robot_ws/install/urdf_tutorial2/lib/python3.10/site-packages'
[2.672s] Level 1:colcon.colcon_core.shell:create_environment_hook('urdf_tutorial2', 'pythonpath')
[2.673s] INFO:colcon.colcon_core.shell:Creating environment hook '/home/rokey/b4_multi_robot_ws/install/urdf_tutorial2/share/urdf_tutorial2/hook/pythonpath.ps1'
[2.674s] INFO:colcon.colcon_core.shell:Creating environment descriptor '/home/rokey/b4_multi_robot_ws/install/urdf_tutorial2/share/urdf_tutorial2/hook/pythonpath.dsv'
[2.674s] INFO:colcon.colcon_core.shell:Creating environment hook '/home/rokey/b4_multi_robot_ws/install/urdf_tutorial2/share/urdf_tutorial2/hook/pythonpath.sh'
[2.675s] Level 1:colcon.colcon_core.environment:checking '/home/rokey/b4_multi_robot_ws/install/urdf_tutorial2/bin'
[2.675s] Level 1:colcon.colcon_core.environment:create_environment_scripts_only(urdf_tutorial2)
[2.676s] INFO:colcon.colcon_core.shell:Creating package script '/home/rokey/b4_multi_robot_ws/install/urdf_tutorial2/share/urdf_tutorial2/package.ps1'
[2.677s] INFO:colcon.colcon_core.shell:Creating package descriptor '/home/rokey/b4_multi_robot_ws/install/urdf_tutorial2/share/urdf_tutorial2/package.dsv'
[2.677s] INFO:colcon.colcon_core.shell:Creating package script '/home/rokey/b4_multi_robot_ws/install/urdf_tutorial2/share/urdf_tutorial2/package.sh'
[2.678s] INFO:colcon.colcon_core.shell:Creating package script '/home/rokey/b4_multi_robot_ws/install/urdf_tutorial2/share/urdf_tutorial2/package.bash'
[2.679s] INFO:colcon.colcon_core.shell:Creating package script '/home/rokey/b4_multi_robot_ws/install/urdf_tutorial2/share/urdf_tutorial2/package.zsh'
[2.679s] Level 1:colcon.colcon_core.environment:create_file_with_runtime_dependencies(/home/rokey/b4_multi_robot_ws/install/urdf_tutorial2/share/colcon-core/packages/urdf_tutorial2)
[2.680s] DEBUG:colcon.colcon_parallel_executor.executor.parallel:closing loop
[2.680s] DEBUG:colcon.colcon_parallel_executor.executor.parallel:loop closed
[2.680s] DEBUG:colcon.colcon_parallel_executor.executor.parallel:run_until_complete finished with '0'
[2.681s] DEBUG:colcon.colcon_core.event_reactor:joining thread
[2.690s] INFO:colcon.colcon_core.plugin_system:Skipping extension 'colcon_notification.desktop_notification.terminal_notifier': Not used on non-Darwin systems
[2.690s] INFO:colcon.colcon_core.plugin_system:Skipping extension 'colcon_notification.desktop_notification.win32': Not used on non-Windows systems
[2.690s] INFO:colcon.colcon_notification.desktop_notification:Sending desktop notification using 'notify2'
[2.707s] DEBUG:colcon.colcon_core.event_reactor:joined thread
[2.707s] INFO:colcon.colcon_core.shell:Creating prefix script '/home/rokey/b4_multi_robot_ws/install/local_setup.ps1'
[2.709s] INFO:colcon.colcon_core.shell:Creating prefix util module '/home/rokey/b4_multi_robot_ws/install/_local_setup_util_ps1.py'
[2.712s] INFO:colcon.colcon_core.shell:Creating prefix chain script '/home/rokey/b4_multi_robot_ws/install/setup.ps1'
[2.715s] INFO:colcon.colcon_core.shell:Creating prefix script '/home/rokey/b4_multi_robot_ws/install/local_setup.sh'
[2.716s] INFO:colcon.colcon_core.shell:Creating prefix util module '/home/rokey/b4_multi_robot_ws/install/_local_setup_util_sh.py'
[2.717s] INFO:colcon.colcon_core.shell:Creating prefix chain script '/home/rokey/b4_multi_robot_ws/install/setup.sh'
[2.721s] INFO:colcon.colcon_core.shell:Creating prefix script '/home/rokey/b4_multi_robot_ws/install/local_setup.bash'
[2.722s] INFO:colcon.colcon_core.shell:Creating prefix chain script '/home/rokey/b4_multi_robot_ws/install/setup.bash'
[2.725s] INFO:colcon.colcon_core.shell:Creating prefix script '/home/rokey/b4_multi_robot_ws/install/local_setup.zsh'
[2.726s] INFO:colcon.colcon_core.shell:Creating prefix chain script '/home/rokey/b4_multi_robot_ws/install/setup.zsh'
