running egg_info
creating ../../build/multi_gun_robot_pkg/multi_gun_robot_pkg.egg-info
writing ../../build/multi_gun_robot_pkg/multi_gun_robot_pkg.egg-info/PKG-INFO
writing dependency_links to ../../build/multi_gun_robot_pkg/multi_gun_robot_pkg.egg-info/dependency_links.txt
writing entry points to ../../build/multi_gun_robot_pkg/multi_gun_robot_pkg.egg-info/entry_points.txt
writing requirements to ../../build/multi_gun_robot_pkg/multi_gun_robot_pkg.egg-info/requires.txt
writing top-level names to ../../build/multi_gun_robot_pkg/multi_gun_robot_pkg.egg-info/top_level.txt
writing manifest file '../../build/multi_gun_robot_pkg/multi_gun_robot_pkg.egg-info/SOURCES.txt'
reading manifest file '../../build/multi_gun_robot_pkg/multi_gun_robot_pkg.egg-info/SOURCES.txt'
writing manifest file '../../build/multi_gun_robot_pkg/multi_gun_robot_pkg.egg-info/SOURCES.txt'
running build
running build_py
creating /home/rokey/b4_multi_robot_ws/build/multi_gun_robot_pkg/build
creating /home/rokey/b4_multi_robot_ws/build/multi_gun_robot_pkg/build/lib
creating /home/rokey/b4_multi_robot_ws/build/multi_gun_robot_pkg/build/lib/multi_gun_robot_pkg
copying multi_gun_robot_pkg/monitor.py -> /home/rokey/b4_multi_robot_ws/build/multi_gun_robot_pkg/build/lib/multi_gun_robot_pkg
copying multi_gun_robot_pkg/__init__.py -> /home/rokey/b4_multi_robot_ws/build/multi_gun_robot_pkg/build/lib/multi_gun_robot_pkg
running install
running install_lib
creating /home/rokey/b4_multi_robot_ws/install/multi_gun_robot_pkg/lib/python3.10/site-packages/multi_gun_robot_pkg
copying /home/rokey/b4_multi_robot_ws/build/multi_gun_robot_pkg/build/lib/multi_gun_robot_pkg/monitor.py -> /home/rokey/b4_multi_robot_ws/install/multi_gun_robot_pkg/lib/python3.10/site-packages/multi_gun_robot_pkg
copying /home/rokey/b4_multi_robot_ws/build/multi_gun_robot_pkg/build/lib/multi_gun_robot_pkg/__init__.py -> /home/rokey/b4_multi_robot_ws/install/multi_gun_robot_pkg/lib/python3.10/site-packages/multi_gun_robot_pkg
byte-compiling /home/rokey/b4_multi_robot_ws/install/multi_gun_robot_pkg/lib/python3.10/site-packages/multi_gun_robot_pkg/monitor.py to monitor.cpython-310.pyc
byte-compiling /home/rokey/b4_multi_robot_ws/install/multi_gun_robot_pkg/lib/python3.10/site-packages/multi_gun_robot_pkg/__init__.py to __init__.cpython-310.pyc
running install_data
creating /home/rokey/b4_multi_robot_ws/install/multi_gun_robot_pkg/share/ament_index
creating /home/rokey/b4_multi_robot_ws/install/multi_gun_robot_pkg/share/ament_index/resource_index
creating /home/rokey/b4_multi_robot_ws/install/multi_gun_robot_pkg/share/ament_index/resource_index/packages
copying resource/multi_gun_robot_pkg -> /home/rokey/b4_multi_robot_ws/install/multi_gun_robot_pkg/share/ament_index/resource_index/packages
copying package.xml -> /home/rokey/b4_multi_robot_ws/install/multi_gun_robot_pkg/share/multi_gun_robot_pkg
running install_egg_info
Copying ../../build/multi_gun_robot_pkg/multi_gun_robot_pkg.egg-info to /home/rokey/b4_multi_robot_ws/install/multi_gun_robot_pkg/lib/python3.10/site-packages/multi_gun_robot_pkg-0.0.0-py3.10.egg-info
running install_scripts
Installing monitor script to /home/rokey/b4_multi_robot_ws/install/multi_gun_robot_pkg/lib/multi_gun_robot_pkg
writing list of installed files to '/home/rokey/b4_multi_robot_ws/build/multi_gun_robot_pkg/install.log'
