[0.885s] Invoking command in '/home/rokey/b4_multi_robot_ws/src/multi_gun_robot_pkg': PYTHONPATH=/home/rokey/b4_multi_robot_ws/build/multi_gun_robot_pkg/prefix_override:/usr/lib/python3/dist-packages/colcon_core/task/python/colcon_distutils_commands:/home/rokey/b4_multi_robot_ws/install/multi_gun_robot_pkg/lib/python3.10/site-packages:${PYTHONPATH} /usr/bin/python3 -W ignore:setup.py install is deprecated setup.py egg_info --egg-base ../../build/multi_gun_robot_pkg build --build-base /home/rokey/b4_multi_robot_ws/build/multi_gun_robot_pkg/build install --record /home/rokey/b4_multi_robot_ws/build/multi_gun_robot_pkg/install.log --single-version-externally-managed install_data
[1.195s] running egg_info
[1.195s] creating ../../build/multi_gun_robot_pkg/multi_gun_robot_pkg.egg-info
[1.196s] writing ../../build/multi_gun_robot_pkg/multi_gun_robot_pkg.egg-info/PKG-INFO
[1.196s] writing dependency_links to ../../build/multi_gun_robot_pkg/multi_gun_robot_pkg.egg-info/dependency_links.txt
[1.197s] writing entry points to ../../build/multi_gun_robot_pkg/multi_gun_robot_pkg.egg-info/entry_points.txt
[1.197s] writing requirements to ../../build/multi_gun_robot_pkg/multi_gun_robot_pkg.egg-info/requires.txt
[1.197s] writing top-level names to ../../build/multi_gun_robot_pkg/multi_gun_robot_pkg.egg-info/top_level.txt
[1.197s] writing manifest file '../../build/multi_gun_robot_pkg/multi_gun_robot_pkg.egg-info/SOURCES.txt'
[1.200s] reading manifest file '../../build/multi_gun_robot_pkg/multi_gun_robot_pkg.egg-info/SOURCES.txt'
[1.203s] writing manifest file '../../build/multi_gun_robot_pkg/multi_gun_robot_pkg.egg-info/SOURCES.txt'
[1.203s] running build
[1.204s] running build_py
[1.204s] creating /home/rokey/b4_multi_robot_ws/build/multi_gun_robot_pkg/build
[1.205s] creating /home/rokey/b4_multi_robot_ws/build/multi_gun_robot_pkg/build/lib
[1.205s] creating /home/rokey/b4_multi_robot_ws/build/multi_gun_robot_pkg/build/lib/multi_gun_robot_pkg
[1.205s] copying multi_gun_robot_pkg/monitor.py -> /home/rokey/b4_multi_robot_ws/build/multi_gun_robot_pkg/build/lib/multi_gun_robot_pkg
[1.205s] copying multi_gun_robot_pkg/__init__.py -> /home/rokey/b4_multi_robot_ws/build/multi_gun_robot_pkg/build/lib/multi_gun_robot_pkg
[1.205s] running install
[1.207s] running install_lib
[1.211s] creating /home/rokey/b4_multi_robot_ws/install/multi_gun_robot_pkg/lib/python3.10/site-packages/multi_gun_robot_pkg
[1.211s] copying /home/rokey/b4_multi_robot_ws/build/multi_gun_robot_pkg/build/lib/multi_gun_robot_pkg/monitor.py -> /home/rokey/b4_multi_robot_ws/install/multi_gun_robot_pkg/lib/python3.10/site-packages/multi_gun_robot_pkg
[1.212s] copying /home/rokey/b4_multi_robot_ws/build/multi_gun_robot_pkg/build/lib/multi_gun_robot_pkg/__init__.py -> /home/rokey/b4_multi_robot_ws/install/multi_gun_robot_pkg/lib/python3.10/site-packages/multi_gun_robot_pkg
[1.213s] byte-compiling /home/rokey/b4_multi_robot_ws/install/multi_gun_robot_pkg/lib/python3.10/site-packages/multi_gun_robot_pkg/monitor.py to monitor.cpython-310.pyc
[1.221s] byte-compiling /home/rokey/b4_multi_robot_ws/install/multi_gun_robot_pkg/lib/python3.10/site-packages/multi_gun_robot_pkg/__init__.py to __init__.cpython-310.pyc
[1.221s] running install_data
[1.222s] creating /home/rokey/b4_multi_robot_ws/install/multi_gun_robot_pkg/share/ament_index
[1.222s] creating /home/rokey/b4_multi_robot_ws/install/multi_gun_robot_pkg/share/ament_index/resource_index
[1.222s] creating /home/rokey/b4_multi_robot_ws/install/multi_gun_robot_pkg/share/ament_index/resource_index/packages
[1.222s] copying resource/multi_gun_robot_pkg -> /home/rokey/b4_multi_robot_ws/install/multi_gun_robot_pkg/share/ament_index/resource_index/packages
[1.222s] copying package.xml -> /home/rokey/b4_multi_robot_ws/install/multi_gun_robot_pkg/share/multi_gun_robot_pkg
[1.222s] running install_egg_info
[1.225s] Copying ../../build/multi_gun_robot_pkg/multi_gun_robot_pkg.egg-info to /home/rokey/b4_multi_robot_ws/install/multi_gun_robot_pkg/lib/python3.10/site-packages/multi_gun_robot_pkg-0.0.0-py3.10.egg-info
[1.228s] running install_scripts
[1.250s] Installing monitor script to /home/rokey/b4_multi_robot_ws/install/multi_gun_robot_pkg/lib/multi_gun_robot_pkg
[1.250s] writing list of installed files to '/home/rokey/b4_multi_robot_ws/build/multi_gun_robot_pkg/install.log'
[1.286s] Invoked command in '/home/rokey/b4_multi_robot_ws/src/multi_gun_robot_pkg' returned '0': PYTHONPATH=/home/rokey/b4_multi_robot_ws/build/multi_gun_robot_pkg/prefix_override:/usr/lib/python3/dist-packages/colcon_core/task/python/colcon_distutils_commands:/home/rokey/b4_multi_robot_ws/install/multi_gun_robot_pkg/lib/python3.10/site-packages:${PYTHONPATH} /usr/bin/python3 -W ignore:setup.py install is deprecated setup.py egg_info --egg-base ../../build/multi_gun_robot_pkg build --build-base /home/rokey/b4_multi_robot_ws/build/multi_gun_robot_pkg/build install --record /home/rokey/b4_multi_robot_ws/build/multi_gun_robot_pkg/install.log --single-version-externally-managed install_data
