[1.577s] Invoking command in '/home/rokey/b4_multi_robot_ws/src/multi_gun_robot_pkg': PYTHONPATH=/home/rokey/b4_multi_robot_ws/build/multi_gun_robot_pkg/prefix_override:/usr/lib/python3/dist-packages/colcon_core/task/python/colcon_distutils_commands:/home/rokey/b4_multi_robot_ws/install/multi_gun_robot_pkg/lib/python3.10/site-packages:${PYTHONPATH} /usr/bin/python3 -W ignore:setup.py install is deprecated setup.py egg_info --egg-base ../../build/multi_gun_robot_pkg build --build-base /home/rokey/b4_multi_robot_ws/build/multi_gun_robot_pkg/build install --record /home/rokey/b4_multi_robot_ws/build/multi_gun_robot_pkg/install.log --single-version-externally-managed install_data
[1.921s] running egg_info
[1.921s] writing ../../build/multi_gun_robot_pkg/multi_gun_robot_pkg.egg-info/PKG-INFO
[1.928s] writing dependency_links to ../../build/multi_gun_robot_pkg/multi_gun_robot_pkg.egg-info/dependency_links.txt
[1.929s] writing entry points to ../../build/multi_gun_robot_pkg/multi_gun_robot_pkg.egg-info/entry_points.txt
[1.929s] writing requirements to ../../build/multi_gun_robot_pkg/multi_gun_robot_pkg.egg-info/requires.txt
[1.930s] writing top-level names to ../../build/multi_gun_robot_pkg/multi_gun_robot_pkg.egg-info/top_level.txt
[1.935s] reading manifest file '../../build/multi_gun_robot_pkg/multi_gun_robot_pkg.egg-info/SOURCES.txt'
[1.940s] writing manifest file '../../build/multi_gun_robot_pkg/multi_gun_robot_pkg.egg-info/SOURCES.txt'
[1.941s] running build
[1.941s] running build_py
[1.943s] running install
[1.945s] running install_lib
[1.947s] running install_data
[1.947s] running install_egg_info
[1.954s] removing '/home/rokey/b4_multi_robot_ws/install/multi_gun_robot_pkg/lib/python3.10/site-packages/multi_gun_robot_pkg-0.0.0-py3.10.egg-info' (and everything under it)
[1.954s] Copying ../../build/multi_gun_robot_pkg/multi_gun_robot_pkg.egg-info to /home/rokey/b4_multi_robot_ws/install/multi_gun_robot_pkg/lib/python3.10/site-packages/multi_gun_robot_pkg-0.0.0-py3.10.egg-info
[1.956s] running install_scripts
[1.989s] Installing monitor script to /home/rokey/b4_multi_robot_ws/install/multi_gun_robot_pkg/lib/multi_gun_robot_pkg
[1.989s] writing list of installed files to '/home/rokey/b4_multi_robot_ws/build/multi_gun_robot_pkg/install.log'
[2.066s] Invoked command in '/home/rokey/b4_multi_robot_ws/src/multi_gun_robot_pkg' returned '0': PYTHONPATH=/home/rokey/b4_multi_robot_ws/build/multi_gun_robot_pkg/prefix_override:/usr/lib/python3/dist-packages/colcon_core/task/python/colcon_distutils_commands:/home/rokey/b4_multi_robot_ws/install/multi_gun_robot_pkg/lib/python3.10/site-packages:${PYTHONPATH} /usr/bin/python3 -W ignore:setup.py install is deprecated setup.py egg_info --egg-base ../../build/multi_gun_robot_pkg build --build-base /home/rokey/b4_multi_robot_ws/build/multi_gun_robot_pkg/build install --record /home/rokey/b4_multi_robot_ws/build/multi_gun_robot_pkg/install.log --single-version-externally-managed install_data
