[1.555s] Invoking command in '/home/rokey/b4_multi_robot_ws/src/multi_gun_robot_pkg': PYTHONPATH=/home/rokey/b4_multi_robot_ws/build/multi_gun_robot_pkg/prefix_override:/usr/lib/python3/dist-packages/colcon_core/task/python/colcon_distutils_commands:/home/rokey/b4_multi_robot_ws/install/multi_gun_robot_pkg/lib/python3.10/site-packages:${PYTHONPATH} /usr/bin/python3 -W ignore:setup.py install is deprecated setup.py egg_info --egg-base ../../build/multi_gun_robot_pkg build --build-base /home/rokey/b4_multi_robot_ws/build/multi_gun_robot_pkg/build install --record /home/rokey/b4_multi_robot_ws/build/multi_gun_robot_pkg/install.log --single-version-externally-managed install_data
[1.875s] running egg_info
[1.877s] writing ../../build/multi_gun_robot_pkg/multi_gun_robot_pkg.egg-info/PKG-INFO
[1.878s] writing dependency_links to ../../build/multi_gun_robot_pkg/multi_gun_robot_pkg.egg-info/dependency_links.txt
[1.879s] writing entry points to ../../build/multi_gun_robot_pkg/multi_gun_robot_pkg.egg-info/entry_points.txt
[1.880s] writing requirements to ../../build/multi_gun_robot_pkg/multi_gun_robot_pkg.egg-info/requires.txt
[1.880s] writing top-level names to ../../build/multi_gun_robot_pkg/multi_gun_robot_pkg.egg-info/top_level.txt
[1.884s] reading manifest file '../../build/multi_gun_robot_pkg/multi_gun_robot_pkg.egg-info/SOURCES.txt'
[1.887s] writing manifest file '../../build/multi_gun_robot_pkg/multi_gun_robot_pkg.egg-info/SOURCES.txt'
[1.887s] running build
[1.887s] running build_py
[1.887s] copying multi_gun_robot_pkg/monitor.py -> /home/rokey/b4_multi_robot_ws/build/multi_gun_robot_pkg/build/lib/multi_gun_robot_pkg
[1.888s] running install
[1.889s] running install_lib
[1.890s] copying /home/rokey/b4_multi_robot_ws/build/multi_gun_robot_pkg/build/lib/multi_gun_robot_pkg/monitor.py -> /home/rokey/b4_multi_robot_ws/install/multi_gun_robot_pkg/lib/python3.10/site-packages/multi_gun_robot_pkg
[1.892s] byte-compiling /home/rokey/b4_multi_robot_ws/install/multi_gun_robot_pkg/lib/python3.10/site-packages/multi_gun_robot_pkg/monitor.py to monitor.cpython-310.pyc
[1.905s] running install_data
[1.906s] running install_egg_info
[1.910s] removing '/home/rokey/b4_multi_robot_ws/install/multi_gun_robot_pkg/lib/python3.10/site-packages/multi_gun_robot_pkg-0.0.0-py3.10.egg-info' (and everything under it)
[1.911s] Copying ../../build/multi_gun_robot_pkg/multi_gun_robot_pkg.egg-info to /home/rokey/b4_multi_robot_ws/install/multi_gun_robot_pkg/lib/python3.10/site-packages/multi_gun_robot_pkg-0.0.0-py3.10.egg-info
[1.912s] running install_scripts
[1.948s] Installing monitor script to /home/rokey/b4_multi_robot_ws/install/multi_gun_robot_pkg/lib/multi_gun_robot_pkg
[1.949s] writing list of installed files to '/home/rokey/b4_multi_robot_ws/build/multi_gun_robot_pkg/install.log'
[2.017s] Invoked command in '/home/rokey/b4_multi_robot_ws/src/multi_gun_robot_pkg' returned '0': PYTHONPATH=/home/rokey/b4_multi_robot_ws/build/multi_gun_robot_pkg/prefix_override:/usr/lib/python3/dist-packages/colcon_core/task/python/colcon_distutils_commands:/home/rokey/b4_multi_robot_ws/install/multi_gun_robot_pkg/lib/python3.10/site-packages:${PYTHONPATH} /usr/bin/python3 -W ignore:setup.py install is deprecated setup.py egg_info --egg-base ../../build/multi_gun_robot_pkg build --build-base /home/rokey/b4_multi_robot_ws/build/multi_gun_robot_pkg/build install --record /home/rokey/b4_multi_robot_ws/build/multi_gun_robot_pkg/install.log --single-version-externally-managed install_data
