[1.517s] Invoking command in '/home/rokey/b4_multi_robot_ws/src/multi_gun_robot_pkg': PYTHONPATH=/home/rokey/b4_multi_robot_ws/build/multi_gun_robot_pkg/prefix_override:/usr/lib/python3/dist-packages/colcon_core/task/python/colcon_distutils_commands:/home/rokey/b4_multi_robot_ws/install/multi_gun_robot_pkg/lib/python3.10/site-packages:${PYTHONPATH} /usr/bin/python3 -W ignore:setup.py install is deprecated setup.py egg_info --egg-base ../../build/multi_gun_robot_pkg build --build-base /home/rokey/b4_multi_robot_ws/build/multi_gun_robot_pkg/build install --record /home/rokey/b4_multi_robot_ws/build/multi_gun_robot_pkg/install.log --single-version-externally-managed install_data
[1.867s] running egg_info
[1.868s] creating ../../build/multi_gun_robot_pkg/multi_gun_robot_pkg.egg-info
[1.868s] writing ../../build/multi_gun_robot_pkg/multi_gun_robot_pkg.egg-info/PKG-INFO
[1.869s] writing dependency_links to ../../build/multi_gun_robot_pkg/multi_gun_robot_pkg.egg-info/dependency_links.txt
[1.869s] writing entry points to ../../build/multi_gun_robot_pkg/multi_gun_robot_pkg.egg-info/entry_points.txt
[1.869s] writing requirements to ../../build/multi_gun_robot_pkg/multi_gun_robot_pkg.egg-info/requires.txt
[1.869s] writing top-level names to ../../build/multi_gun_robot_pkg/multi_gun_robot_pkg.egg-info/top_level.txt
[1.869s] writing manifest file '../../build/multi_gun_robot_pkg/multi_gun_robot_pkg.egg-info/SOURCES.txt'
[1.871s] reading manifest file '../../build/multi_gun_robot_pkg/multi_gun_robot_pkg.egg-info/SOURCES.txt'
[1.872s] writing manifest file '../../build/multi_gun_robot_pkg/multi_gun_robot_pkg.egg-info/SOURCES.txt'
[1.872s] running build
[1.872s] running build_py
[1.873s] creating /home/rokey/b4_multi_robot_ws/build/multi_gun_robot_pkg/build
[1.873s] creating /home/rokey/b4_multi_robot_ws/build/multi_gun_robot_pkg/build/lib
[1.873s] creating /home/rokey/b4_multi_robot_ws/build/multi_gun_robot_pkg/build/lib/multi_gun_robot_pkg
[1.873s] copying multi_gun_robot_pkg/monitor.py -> /home/rokey/b4_multi_robot_ws/build/multi_gun_robot_pkg/build/lib/multi_gun_robot_pkg
[1.873s] copying multi_gun_robot_pkg/__init__.py -> /home/rokey/b4_multi_robot_ws/build/multi_gun_robot_pkg/build/lib/multi_gun_robot_pkg
[1.873s] running install
[1.873s] running install_lib
[1.874s] creating /home/rokey/b4_multi_robot_ws/install/multi_gun_robot_pkg/lib/python3.10/site-packages/multi_gun_robot_pkg
[1.875s] copying /home/rokey/b4_multi_robot_ws/build/multi_gun_robot_pkg/build/lib/multi_gun_robot_pkg/monitor.py -> /home/rokey/b4_multi_robot_ws/install/multi_gun_robot_pkg/lib/python3.10/site-packages/multi_gun_robot_pkg
[1.875s] copying /home/rokey/b4_multi_robot_ws/build/multi_gun_robot_pkg/build/lib/multi_gun_robot_pkg/__init__.py -> /home/rokey/b4_multi_robot_ws/install/multi_gun_robot_pkg/lib/python3.10/site-packages/multi_gun_robot_pkg
[1.875s] byte-compiling /home/rokey/b4_multi_robot_ws/install/multi_gun_robot_pkg/lib/python3.10/site-packages/multi_gun_robot_pkg/monitor.py to monitor.cpython-310.pyc
[1.879s] byte-compiling /home/rokey/b4_multi_robot_ws/install/multi_gun_robot_pkg/lib/python3.10/site-packages/multi_gun_robot_pkg/__init__.py to __init__.cpython-310.pyc
[1.879s] running install_data
[1.880s] creating /home/rokey/b4_multi_robot_ws/install/multi_gun_robot_pkg/share/ament_index
[1.880s] creating /home/rokey/b4_multi_robot_ws/install/multi_gun_robot_pkg/share/ament_index/resource_index
[1.880s] creating /home/rokey/b4_multi_robot_ws/install/multi_gun_robot_pkg/share/ament_index/resource_index/packages
[1.880s] copying resource/multi_gun_robot_pkg -> /home/rokey/b4_multi_robot_ws/install/multi_gun_robot_pkg/share/ament_index/resource_index/packages
[1.880s] copying package.xml -> /home/rokey/b4_multi_robot_ws/install/multi_gun_robot_pkg/share/multi_gun_robot_pkg
[1.880s] running install_egg_info
[1.882s] Copying ../../build/multi_gun_robot_pkg/multi_gun_robot_pkg.egg-info to /home/rokey/b4_multi_robot_ws/install/multi_gun_robot_pkg/lib/python3.10/site-packages/multi_gun_robot_pkg-0.0.0-py3.10.egg-info
[1.883s] running install_scripts
[1.907s] Installing monitor script to /home/rokey/b4_multi_robot_ws/install/multi_gun_robot_pkg/lib/multi_gun_robot_pkg
[1.908s] writing list of installed files to '/home/rokey/b4_multi_robot_ws/build/multi_gun_robot_pkg/install.log'
[1.961s] Invoked command in '/home/rokey/b4_multi_robot_ws/src/multi_gun_robot_pkg' returned '0': PYTHONPATH=/home/rokey/b4_multi_robot_ws/build/multi_gun_robot_pkg/prefix_override:/usr/lib/python3/dist-packages/colcon_core/task/python/colcon_distutils_commands:/home/rokey/b4_multi_robot_ws/install/multi_gun_robot_pkg/lib/python3.10/site-packages:${PYTHONPATH} /usr/bin/python3 -W ignore:setup.py install is deprecated setup.py egg_info --egg-base ../../build/multi_gun_robot_pkg build --build-base /home/rokey/b4_multi_robot_ws/build/multi_gun_robot_pkg/build install --record /home/rokey/b4_multi_robot_ws/build/multi_gun_robot_pkg/install.log --single-version-externally-managed install_data
