[1.682s] Invoking command in '/home/rokey/b4_multi_robot_ws/src/urdf_tutorial2': PYTHONPATH=/home/rokey/b4_multi_robot_ws/build/urdf_tutorial2/prefix_override:/usr/lib/python3/dist-packages/colcon_core/task/python/colcon_distutils_commands:/home/rokey/b4_multi_robot_ws/install/urdf_tutorial2/lib/python3.10/site-packages:${PYTHONPATH} /usr/bin/python3 -W ignore:setup.py install is deprecated setup.py egg_info --egg-base ../../build/urdf_tutorial2 build --build-base /home/rokey/b4_multi_robot_ws/build/urdf_tutorial2/build install --record /home/rokey/b4_multi_robot_ws/build/urdf_tutorial2/install.log --single-version-externally-managed install_data
[2.064s] running egg_info
[2.065s] writing ../../build/urdf_tutorial2/urdf_tutorial2.egg-info/PKG-INFO
[2.066s] writing dependency_links to ../../build/urdf_tutorial2/urdf_tutorial2.egg-info/dependency_links.txt
[2.066s] writing entry points to ../../build/urdf_tutorial2/urdf_tutorial2.egg-info/entry_points.txt
[2.066s] writing requirements to ../../build/urdf_tutorial2/urdf_tutorial2.egg-info/requires.txt
[2.066s] writing top-level names to ../../build/urdf_tutorial2/urdf_tutorial2.egg-info/top_level.txt
[2.070s] reading manifest file '../../build/urdf_tutorial2/urdf_tutorial2.egg-info/SOURCES.txt'
[2.071s] writing manifest file '../../build/urdf_tutorial2/urdf_tutorial2.egg-info/SOURCES.txt'
[2.072s] running build
[2.072s] running build_py
[2.072s] running install
[2.073s] running install_lib
[2.075s] running install_data
[2.075s] running install_egg_info
[2.078s] removing '/home/rokey/b4_multi_robot_ws/install/urdf_tutorial2/lib/python3.10/site-packages/urdf_tutorial2-0.0.0-py3.10.egg-info' (and everything under it)
[2.079s] Copying ../../build/urdf_tutorial2/urdf_tutorial2.egg-info to /home/rokey/b4_multi_robot_ws/install/urdf_tutorial2/lib/python3.10/site-packages/urdf_tutorial2-0.0.0-py3.10.egg-info
[2.080s] running install_scripts
[2.105s] Installing projectile_spawner script to /home/rokey/b4_multi_robot_ws/install/urdf_tutorial2/lib/urdf_tutorial2
[2.105s] Installing projectile_spawner2 script to /home/rokey/b4_multi_robot_ws/install/urdf_tutorial2/lib/urdf_tutorial2
[2.106s] writing list of installed files to '/home/rokey/b4_multi_robot_ws/build/urdf_tutorial2/install.log'
[2.182s] Invoked command in '/home/rokey/b4_multi_robot_ws/src/urdf_tutorial2' returned '0': PYTHONPATH=/home/rokey/b4_multi_robot_ws/build/urdf_tutorial2/prefix_override:/usr/lib/python3/dist-packages/colcon_core/task/python/colcon_distutils_commands:/home/rokey/b4_multi_robot_ws/install/urdf_tutorial2/lib/python3.10/site-packages:${PYTHONPATH} /usr/bin/python3 -W ignore:setup.py install is deprecated setup.py egg_info --egg-base ../../build/urdf_tutorial2 build --build-base /home/rokey/b4_multi_robot_ws/build/urdf_tutorial2/build install --record /home/rokey/b4_multi_robot_ws/build/urdf_tutorial2/install.log --single-version-externally-managed install_data
