[1.535s] Invoking command in '/home/rokey/b4_multi_robot_ws/src/urdf_tutorial2': PYTHONPATH=/home/rokey/b4_multi_robot_ws/build/urdf_tutorial2/prefix_override:/usr/lib/python3/dist-packages/colcon_core/task/python/colcon_distutils_commands:/home/rokey/b4_multi_robot_ws/install/urdf_tutorial2/lib/python3.10/site-packages:${PYTHONPATH} /usr/bin/python3 -W ignore:setup.py install is deprecated setup.py egg_info --egg-base ../../build/urdf_tutorial2 build --build-base /home/rokey/b4_multi_robot_ws/build/urdf_tutorial2/build install --record /home/rokey/b4_multi_robot_ws/build/urdf_tutorial2/install.log --single-version-externally-managed install_data
[1.870s] running egg_info
[1.870s] creating ../../build/urdf_tutorial2/urdf_tutorial2.egg-info
[1.870s] writing ../../build/urdf_tutorial2/urdf_tutorial2.egg-info/PKG-INFO
[1.871s] writing dependency_links to ../../build/urdf_tutorial2/urdf_tutorial2.egg-info/dependency_links.txt
[1.871s] writing entry points to ../../build/urdf_tutorial2/urdf_tutorial2.egg-info/entry_points.txt
[1.871s] writing requirements to ../../build/urdf_tutorial2/urdf_tutorial2.egg-info/requires.txt
[1.871s] writing top-level names to ../../build/urdf_tutorial2/urdf_tutorial2.egg-info/top_level.txt
[1.871s] writing manifest file '../../build/urdf_tutorial2/urdf_tutorial2.egg-info/SOURCES.txt'
[1.873s] reading manifest file '../../build/urdf_tutorial2/urdf_tutorial2.egg-info/SOURCES.txt'
[1.874s] writing manifest file '../../build/urdf_tutorial2/urdf_tutorial2.egg-info/SOURCES.txt'
[1.875s] running build
[1.875s] running build_py
[1.875s] creating /home/rokey/b4_multi_robot_ws/build/urdf_tutorial2/build
[1.875s] creating /home/rokey/b4_multi_robot_ws/build/urdf_tutorial2/build/lib
[1.875s] creating /home/rokey/b4_multi_robot_ws/build/urdf_tutorial2/build/lib/urdf_tutorial2
[1.875s] copying urdf_tutorial2/projectile_spawner.py -> /home/rokey/b4_multi_robot_ws/build/urdf_tutorial2/build/lib/urdf_tutorial2
[1.875s] copying urdf_tutorial2/projectile_spawner2.py -> /home/rokey/b4_multi_robot_ws/build/urdf_tutorial2/build/lib/urdf_tutorial2
[1.875s] copying urdf_tutorial2/__init__.py -> /home/rokey/b4_multi_robot_ws/build/urdf_tutorial2/build/lib/urdf_tutorial2
[1.876s] running install
[1.876s] running install_lib
[1.877s] creating /home/rokey/b4_multi_robot_ws/install/urdf_tutorial2/lib/python3.10/site-packages/urdf_tutorial2
[1.877s] copying /home/rokey/b4_multi_robot_ws/build/urdf_tutorial2/build/lib/urdf_tutorial2/projectile_spawner.py -> /home/rokey/b4_multi_robot_ws/install/urdf_tutorial2/lib/python3.10/site-packages/urdf_tutorial2
[1.877s] copying /home/rokey/b4_multi_robot_ws/build/urdf_tutorial2/build/lib/urdf_tutorial2/projectile_spawner2.py -> /home/rokey/b4_multi_robot_ws/install/urdf_tutorial2/lib/python3.10/site-packages/urdf_tutorial2
[1.877s] copying /home/rokey/b4_multi_robot_ws/build/urdf_tutorial2/build/lib/urdf_tutorial2/__init__.py -> /home/rokey/b4_multi_robot_ws/install/urdf_tutorial2/lib/python3.10/site-packages/urdf_tutorial2
[1.878s] byte-compiling /home/rokey/b4_multi_robot_ws/install/urdf_tutorial2/lib/python3.10/site-packages/urdf_tutorial2/projectile_spawner.py to projectile_spawner.cpython-310.pyc
[1.879s] byte-compiling /home/rokey/b4_multi_robot_ws/install/urdf_tutorial2/lib/python3.10/site-packages/urdf_tutorial2/projectile_spawner2.py to projectile_spawner2.cpython-310.pyc
[1.880s] byte-compiling /home/rokey/b4_multi_robot_ws/install/urdf_tutorial2/lib/python3.10/site-packages/urdf_tutorial2/__init__.py to __init__.cpython-310.pyc
[1.880s] running install_data
[1.880s] creating /home/rokey/b4_multi_robot_ws/install/urdf_tutorial2/share/ament_index
[1.880s] creating /home/rokey/b4_multi_robot_ws/install/urdf_tutorial2/share/ament_index/resource_index
[1.880s] creating /home/rokey/b4_multi_robot_ws/install/urdf_tutorial2/share/ament_index/resource_index/packages
[1.880s] copying resource/urdf_tutorial2 -> /home/rokey/b4_multi_robot_ws/install/urdf_tutorial2/share/ament_index/resource_index/packages
[1.881s] copying package.xml -> /home/rokey/b4_multi_robot_ws/install/urdf_tutorial2/share/urdf_tutorial2
[1.881s] creating /home/rokey/b4_multi_robot_ws/install/urdf_tutorial2/share/urdf_tutorial2/launch
[1.881s] copying launch/sim.launch.py -> /home/rokey/b4_multi_robot_ws/install/urdf_tutorial2/share/urdf_tutorial2/launch
[1.881s] copying launch/robot_5.launch.py -> /home/rokey/b4_multi_robot_ws/install/urdf_tutorial2/share/urdf_tutorial2/launch
[1.881s] creating /home/rokey/b4_multi_robot_ws/install/urdf_tutorial2/share/urdf_tutorial2/urdf
[1.881s] running install_egg_info
[1.883s] Copying ../../build/urdf_tutorial2/urdf_tutorial2.egg-info to /home/rokey/b4_multi_robot_ws/install/urdf_tutorial2/lib/python3.10/site-packages/urdf_tutorial2-0.0.0-py3.10.egg-info
[1.884s] running install_scripts
[1.915s] Installing projectile_spawner script to /home/rokey/b4_multi_robot_ws/install/urdf_tutorial2/lib/urdf_tutorial2
[1.916s] Installing projectile_spawner2 script to /home/rokey/b4_multi_robot_ws/install/urdf_tutorial2/lib/urdf_tutorial2
[1.918s] writing list of installed files to '/home/rokey/b4_multi_robot_ws/build/urdf_tutorial2/install.log'
[1.970s] Invoked command in '/home/rokey/b4_multi_robot_ws/src/urdf_tutorial2' returned '0': PYTHONPATH=/home/rokey/b4_multi_robot_ws/build/urdf_tutorial2/prefix_override:/usr/lib/python3/dist-packages/colcon_core/task/python/colcon_distutils_commands:/home/rokey/b4_multi_robot_ws/install/urdf_tutorial2/lib/python3.10/site-packages:${PYTHONPATH} /usr/bin/python3 -W ignore:setup.py install is deprecated setup.py egg_info --egg-base ../../build/urdf_tutorial2 build --build-base /home/rokey/b4_multi_robot_ws/build/urdf_tutorial2/build install --record /home/rokey/b4_multi_robot_ws/build/urdf_tutorial2/install.log --single-version-externally-managed install_data
