[1.536s] Invoking command in '/home/rokey/b4_multi_robot_ws/src/urdf_tutorial2': PYTHONPATH=/home/rokey/b4_multi_robot_ws/build/urdf_tutorial2/prefix_override:/usr/lib/python3/dist-packages/colcon_core/task/python/colcon_distutils_commands:/home/rokey/b4_multi_robot_ws/install/urdf_tutorial2/lib/python3.10/site-packages:${PYTHONPATH} /usr/bin/python3 -W ignore:setup.py install is deprecated setup.py egg_info --egg-base ../../build/urdf_tutorial2 build --build-base /home/rokey/b4_multi_robot_ws/build/urdf_tutorial2/build install --record /home/rokey/b4_multi_robot_ws/build/urdf_tutorial2/install.log --single-version-externally-managed install_data
[1.863s] running egg_info
[1.865s] writing ../../build/urdf_tutorial2/urdf_tutorial2.egg-info/PKG-INFO
[1.865s] writing dependency_links to ../../build/urdf_tutorial2/urdf_tutorial2.egg-info/dependency_links.txt
[1.866s] writing entry points to ../../build/urdf_tutorial2/urdf_tutorial2.egg-info/entry_points.txt
[1.866s] writing requirements to ../../build/urdf_tutorial2/urdf_tutorial2.egg-info/requires.txt
[1.866s] writing top-level names to ../../build/urdf_tutorial2/urdf_tutorial2.egg-info/top_level.txt
[1.873s] reading manifest file '../../build/urdf_tutorial2/urdf_tutorial2.egg-info/SOURCES.txt'
[1.877s] writing manifest file '../../build/urdf_tutorial2/urdf_tutorial2.egg-info/SOURCES.txt'
[1.877s] running build
[1.877s] running build_py
[1.878s] running install
[1.879s] running install_lib
[1.883s] running install_data
[1.883s] running install_egg_info
[1.888s] removing '/home/rokey/b4_multi_robot_ws/install/urdf_tutorial2/lib/python3.10/site-packages/urdf_tutorial2-0.0.0-py3.10.egg-info' (and everything under it)
[1.888s] Copying ../../build/urdf_tutorial2/urdf_tutorial2.egg-info to /home/rokey/b4_multi_robot_ws/install/urdf_tutorial2/lib/python3.10/site-packages/urdf_tutorial2-0.0.0-py3.10.egg-info
[1.890s] running install_scripts
[1.923s] Installing projectile_spawner script to /home/rokey/b4_multi_robot_ws/install/urdf_tutorial2/lib/urdf_tutorial2
[1.924s] Installing projectile_spawner2 script to /home/rokey/b4_multi_robot_ws/install/urdf_tutorial2/lib/urdf_tutorial2
[1.924s] writing list of installed files to '/home/rokey/b4_multi_robot_ws/build/urdf_tutorial2/install.log'
[2.006s] Invoked command in '/home/rokey/b4_multi_robot_ws/src/urdf_tutorial2' returned '0': PYTHONPATH=/home/rokey/b4_multi_robot_ws/build/urdf_tutorial2/prefix_override:/usr/lib/python3/dist-packages/colcon_core/task/python/colcon_distutils_commands:/home/rokey/b4_multi_robot_ws/install/urdf_tutorial2/lib/python3.10/site-packages:${PYTHONPATH} /usr/bin/python3 -W ignore:setup.py install is deprecated setup.py egg_info --egg-base ../../build/urdf_tutorial2 build --build-base /home/rokey/b4_multi_robot_ws/build/urdf_tutorial2/build install --record /home/rokey/b4_multi_robot_ws/build/urdf_tutorial2/install.log --single-version-externally-managed install_data
