[1.688s] Invoking command in '/home/rokey/b4_multi_robot_ws/src/urdf_tutorial2': PYTHONPATH=/home/rokey/b4_multi_robot_ws/build/urdf_tutorial2/prefix_override:/usr/lib/python3/dist-packages/colcon_core/task/python/colcon_distutils_commands:/home/rokey/b4_multi_robot_ws/install/urdf_tutorial2/lib/python3.10/site-packages:${PYTHONPATH} /usr/bin/python3 -W ignore:setup.py install is deprecated setup.py egg_info --egg-base ../../build/urdf_tutorial2 build --build-base /home/rokey/b4_multi_robot_ws/build/urdf_tutorial2/build install --record /home/rokey/b4_multi_robot_ws/build/urdf_tutorial2/install.log --single-version-externally-managed install_data
[2.181s] running egg_info
[2.182s] writing ../../build/urdf_tutorial2/urdf_tutorial2.egg-info/PKG-INFO
[2.182s] writing dependency_links to ../../build/urdf_tutorial2/urdf_tutorial2.egg-info/dependency_links.txt
[2.182s] writing entry points to ../../build/urdf_tutorial2/urdf_tutorial2.egg-info/entry_points.txt
[2.182s] writing requirements to ../../build/urdf_tutorial2/urdf_tutorial2.egg-info/requires.txt
[2.182s] writing top-level names to ../../build/urdf_tutorial2/urdf_tutorial2.egg-info/top_level.txt
[2.184s] reading manifest file '../../build/urdf_tutorial2/urdf_tutorial2.egg-info/SOURCES.txt'
[2.186s] writing manifest file '../../build/urdf_tutorial2/urdf_tutorial2.egg-info/SOURCES.txt'
[2.186s] running build
[2.186s] running build_py
[2.186s] running install
[2.186s] running install_lib
[2.188s] running install_data
[2.188s] running install_egg_info
[2.190s] removing '/home/rokey/b4_multi_robot_ws/install/urdf_tutorial2/lib/python3.10/site-packages/urdf_tutorial2-0.0.0-py3.10.egg-info' (and everything under it)
[2.190s] Copying ../../build/urdf_tutorial2/urdf_tutorial2.egg-info to /home/rokey/b4_multi_robot_ws/install/urdf_tutorial2/lib/python3.10/site-packages/urdf_tutorial2-0.0.0-py3.10.egg-info
[2.191s] running install_scripts
[2.215s] Installing projectile_spawner script to /home/rokey/b4_multi_robot_ws/install/urdf_tutorial2/lib/urdf_tutorial2
[2.215s] Installing projectile_spawner2 script to /home/rokey/b4_multi_robot_ws/install/urdf_tutorial2/lib/urdf_tutorial2
[2.216s] writing list of installed files to '/home/rokey/b4_multi_robot_ws/build/urdf_tutorial2/install.log'
[2.268s] Invoked command in '/home/rokey/b4_multi_robot_ws/src/urdf_tutorial2' returned '0': PYTHONPATH=/home/rokey/b4_multi_robot_ws/build/urdf_tutorial2/prefix_override:/usr/lib/python3/dist-packages/colcon_core/task/python/colcon_distutils_commands:/home/rokey/b4_multi_robot_ws/install/urdf_tutorial2/lib/python3.10/site-packages:${PYTHONPATH} /usr/bin/python3 -W ignore:setup.py install is deprecated setup.py egg_info --egg-base ../../build/urdf_tutorial2 build --build-base /home/rokey/b4_multi_robot_ws/build/urdf_tutorial2/build install --record /home/rokey/b4_multi_robot_ws/build/urdf_tutorial2/install.log --single-version-externally-managed install_data
